RX: /dev/ttyUSB0, TX: /dev/ttyUSB1
[0000016247] [DS:00|CON: NO] a-->b 3a|00|06|b3|05|33|00|64|32|0a
[0000018216] [DS:00|CON: NO] a<--b 3a|00|16|b2|05|00|12|00|00|06|00|0a|e2|99|92|99|92|f9|c0|07|00|00|ff|00|00|0a
7seg setting: seq(00)
[0000018234] [DS:00|CON: NO] a-->b 3a|00|0a|b2|06|00|06|00|00|06|00|01|00|0a
[0000018749] [DS:00|CON: NO] a<--b 3a|00|09|b2|05|00|05|01|00|01|00|00|0a
auth init: seq(01)
[0000018777] [DS:00|CON: NO] a-->b 3a|00|1a|b2|06|00|16|01|00|01|00|11|00|fc|60|5d|b6|fc|60|5d|b6|fc|60|5d|b6|90|79|fe|aa|0a
[0000018839] [DS:00|CON: NO] a<--b 3a|00|4f|b2|05|00|4b|02|00|02|00|46|00|00|00|00|00|00|36|51|67|35|64|46|44|76|61|4c|63|35|56|42|63|64|56|67|5a|41|70|57|59|53|79|51|47|6c|39|4d|68|79|2d|89|fa|8b|f7|e5|fb|3b|f6|f6|cf|d9|de|86|dd|37|f7|ef|f5|9c|2c|a3|6f|e5|09|b9|06|f4|09|85|9d|4c|0a
[0000018880] [DS:00|CON: NO] a-->b 3a|00|18|b2|01|00|14|00|00|42|00|0f|90|78|56|34|12|89|67|45|23|01|23|00|00|00|00|0a
[0000018888] [DS:00|CON: NO] a-->b 3a|00|0b|b2|00|00|07|00|00|41|00|02|1f|07|0a
[0000018916] [DS:00|CON: NO] a-->b 3a|00|27|b2|0a|00|23|00|0f|00|00|1e|4b|6f|68|61|2e|2c|43|6f|20|20|53|41|56|4c|30|31|39|31|20|20|ff|00|00|a2|00|01|01|06|00|80|0a
[0000018928] [DS:00|CON: NO] a-->b 3a|00|0a|b2|06|00|06|02|00|02|00|01|00|0a
[0000018956] [DS:00|CON: NO] a<--b 3a|00|09|b2|08|00|05|03|00|08|00|00|0a
[0000018976] [DS:00|CON: NO] a-->b 3a|00|0a|b2|09|00|06|00|00|08|00|01|00|0a
[0000018992] [DS:00|CON: NO] a-->b 3a|00|15|b2|0a|00|11|00|24|f7|33|b1|d1|52|8f|92|2c|77|ce|41|dc|c7|7b|0a|0a
[0000019051] [DS:00|CON: NO] a-->b 3a|00|23|b2|07|00|1f|00|00|83|00|1a|80|1f|ea|15|00|1f|ea|15|00|41|04|46|00|00|00|00|00|1f|ea|15|00|00|00|00|00|1f|0a
[0000019105] [DS:00|CON: NO] a<--b 3a|00|03|b4|01|13|0a
[0000019140] [DS:13|CON: NO] a-->b 3a|00|23|b2|07|00|1f|00|00|83|00|1a|80|00|00|00|00|00|00|00|00|00|00|00|00|00|00|00|00|00|00|00|00|00|00|00|00|00|0a
[0000019148] [DS:13|CON: NO] a-->b 3a|00|06|b3|03|30|01|64|32|0a
[0000019152] [DS:13|CON: NO] a-->b 3a|00|02|b2|00|0a
[0000019155] [DS:13|CON: NO] a-->b 3a|00|02|b2|01|0a
[0000019158] [DS:13|CON: NO] a-->b 3a|00|02|b2|06|0a
[0000019162] [DS:13|CON: NO] a-->b 3a|00|02|b2|07|0a
[0000019166] [DS:13|CON: NO] a-->b 3a|00|02|b2|03|0a
[0000019169] [DS:13|CON: NO] a-->b 3a|00|02|b2|04|0a
[0000019172] [DS:13|CON: NO] a-->b 3a|00|02|b2|0a|0a

[0000019589] [DS:13|CON: NO] a<--b 3a|00|03|b4|00|00|0a					// connection
[0000019604] [DS:13|CON: NO] a-->b 3a|00|06|b3|05|33|01|64|32|0a		// change mode to connection 
[0000020711] [DS:13|CON: NO] a<--b 3a|00|03|b4|04|00|0a					// HB
[0000021844] [DS:13|CON: NO] a-->b 3a|00|06|b3|05|33|01|64|32|0a		// change mode to connection 
[0000022300] [DS:13|CON: NO] a<--b 3a|00|16|b2|05|00|12|00|00|06|...|	// 7seg setting 
[0000022318] [DS:13|CON: NO] a-->b 3a|00|0a|b2|06|00|06|00|00|06|...|   // 7seg ack
[0000023011] [DS:13|CON: NO] a<--b 3a|00|09|b2|05|00|05|01|00|01|...|   // auth seed get
[0000023036] [DS:13|CON: NO] a-->b 3a|00|1a|b2|06|00|16|01|00|01|...|   // auth seed give
[0000023100] [DS:13|CON: NO] a<--b 3a|00|4f|b2|05|00|4b|02|00|02|...| 	// auth
[0000023138] [DS:13|CON: NO] a-->b 3a|00|18|b2|01|00|14|00|00|42|...|   // vending info get
[0000023148] [DS:13|CON: NO] a-->b 3a|00|0b|b2|00|00|07|00|00|41|...|   // vending function get
[0000023176] [DS:13|CON: NO] a-->b 3a|00|27|b2|0d|00|23|00|0f|00|...|   // device (disp) info 
[0000023184] [DS:13|CON: NO] a-->b 3a|00|0a|b2|06|00|06|02|00|02|...|   // auth ack
[0000023279] [DS:13|CON: NO] a-->b 3a|00|23|b2|07|00|1f|00|00|83|...|   // disconnection info get
[0000023385] [DS:13|CON: NO] a<--b 3a|00|03|b4|01|13|0a					// disconnection
[0000023420] [DS:13|CON: NO] a-->b 3a|00|23|b2|07|00|1f|00|00|83|...|   // disconnection info clear
[0000023428] [DS:13|CON: NO] a-->b 3a|00|06|b3|03|30|00|64|32|0a        // set toggle
[0000023432] [DS:13|CON: NO] a-->b 3a|00|02|b2|00|0a					// clear char 0
[0000023435] [DS:13|CON: NO] a-->b 3a|00|02|b2|01|0a					// clear char 1
[0000023438] [DS:13|CON: NO] a-->b 3a|00|02|b2|06|0a					// clear char 6
[0000023442] [DS:13|CON: NO] a-->b 3a|00|02|b2|07|0a					// clear char 7
[0000023446] [DS:13|CON: NO] a-->b 3a|00|02|b2|03|0a					// clear char 3
[0000023450] [DS:13|CON: NO] a-->b 3a|00|02|b2|04|0a					// clear char 4
[0000023453] [DS:13|CON: NO] a-->b 3a|00|02|b2|0a|0a					// clear char 10

[0000023709] [DS:13|CON: NO] a<--b 3a|00|03|b4|00|00|0a
[0000023723] [DS:13|CON: NO] a-->b 3a|00|06|b3|05|33|00|64|32|0a
[0000025698] [DS:13|CON: NO] a<--b 3a|00|16|b2|05|00|12|00|00|06|
[0000026361] [DS:13|CON: NO] a<--b 3a|00|09|b2|05|00|05|01|00|01|
[0000026388] [DS:13|CON: NO] a-->b 3a|00|1a|b2|06|00|16|01|00|01|
[0000026469] [DS:13|CON: NO] a<--b 3a|00|4f|b2|05|00|4b|02|00|02|
[0000026510] [DS:13|CON: NO] a-->b 3a|00|18|b2|01|00|14|00|00|42|
[0000026519] [DS:13|CON: NO] a-->b 3a|00|0b|b2|00|00|07|00|00|41|
[0000026547] [DS:13|CON: NO] a-->b 3a|00|27|b2|0a|00|23|00|0f|00|
[0000026558] [DS:13|CON: NO] a-->b 3a|00|0a|b2|06|00|06|02|00|02|
[0000026605] [DS:13|CON: NO] a<--b 3a|00|09|b2|08|00|05|03|00|08|
[0000026648] [DS:13|CON: NO] a-->b 3a|00|23|b2|07|00|1f|00|00|83|
[0000026674] [DS:13|CON: NO] a-->b 3a|00|0a|b2|09|00|06|00|00|08|
[0000026690] [DS:13|CON: NO] a-->b 3a|00|15|b2|0a|00|11|00|24|f7|
[0000026717] [DS:13|CON: NO] a<--b 3a|00|03|b4|01|13|0a
[0000026752] [DS:13|CON: NO] a-->b 3a|00|23|b2|07|00|1f|00|00|83|
[0000026760] [DS:13|CON: NO] a-->b 3a|00|06|b3|03|30|00|64|32|0a
[0000026764] [DS:13|CON: NO] a-->b 3a|00|02|b2|00|0a
[0000026767] [DS:13|CON: NO] a-->b 3a|00|02|b2|01|0a
[0000026770] [DS:13|CON: NO] a-->b 3a|00|02|b2|06|0a
[0000026774] [DS:13|CON: NO] a-->b 3a|00|02|b2|07|0a
[0000026778] [DS:13|CON: NO] a-->b 3a|00|02|b2|03|0a
[0000026781] [DS:13|CON: NO] a-->b 3a|00|02|b2|04|0a
[0000026784] [DS:13|CON: NO] a-->b 3a|00|02|b2|0a|0a

[0000027167] [DS:13|CON: NO] a<--b 3a|00|03|b4|00|00|0a
[0000027181] [DS:13|CON: NO] a-->b 3a|00|06|b3|05|33|00|64|32|0a
[0000029136] [DS:13|CON: NO] a<--b 3a|00|16|b2|05|00|12|00|00|06|00|0a|e2|99|92|99|92|f9|c0|07|00|00|ff|00|00|0a
7seg setting: seq(00)
[0000029152] [DS:13|CON: NO] a-->b 3a|00|0a|b2|06|00|06|00|00|06|00|01|00|0a
[0000029760] [DS:13|CON: NO] a<--b 3a|00|09|b2|05|00|05|01|00|01|00|00|0a
auth init: seq(01)
[0000029786] [DS:13|CON: NO] a-->b 3a|00|1a|b2|06|00|16|01|00|01|00|11|00|14|c7|a1|35|14|c7|a1|35|14|c7|a1|35|14|c7|a1|35|0a
[0000029867] [DS:13|CON: NO] a<--b 3a|00|4f|b2|05|00|4b|02|00|02|00|46|00|00|00|00|00|00|36|51|67|35|64|46|44|76|61|4c|63|35|56|42|63|64|56|67|5a|41|70|57|59|53|79|51|47|6c|39|4d|68|79|67|9b|a6|15|67|d1|98|29|65|4e|b3|f5|a6|a9|7c|63|0c|81|5f|36|eb|a0|ac|93|1e|35|0b|a5|43|40|bb|52|0a
[0000029905] [DS:13|CON: NO] a-->b 3a|00|18|b2|01|00|14|00|00|42|00|0f|90|78|56|34|12|89|67|45|23|01|23|00|00|00|00|0a
[0000029915] [DS:13|CON: NO] a-->b 3a|00|0b|b2|00|00|07|00|00|41|00|02|1f|07|0a
[0000029943] [DS:13|CON: NO] a-->b 3a|00|27|b2|0a|00|23|00|0f|00|00|1e|4b|6f|68|61|2e|2c|43|6f|20|20|53|41|56|4c|30|31|39|31|20|20|ff|00|00|a2|00|01|01|06|00|80|0a
[0000029953] [DS:13|CON: NO] a-->b 3a|00|0a|b2|06|00|06|02|00|02|00|01|00|0a
[0000030023] [DS:13|CON: NO] a<--b 3a|00|09|b2|08|00|05|03|00|08|00|00|0a
[0000030047] [DS:13|CON: NO] a-->b 3a|00|23|b2|07|00|1f|00|00|83|00|1a|80|21|15|16|00|21|15|16|00|41|04|46|00|00|00|00|00|21|15|16|00|00|00|00|00|21|0a
[0000030072] [DS:13|CON: NO] a-->b 3a|00|0a|b2|09|00|06|00|00|08|00|01|00|0a
[0000030088] [DS:13|CON: NO] a-->b 3a|00|15|b2|0a|00|11|00|24|f7|33|b1|d1|52|8f|92|2c|77|ce|41|dc|c7|7b|0a|0a
[0000030116] [DS:13|CON: NO] a<--b 3a|00|03|b4|01|13|0a
[0000030150] [DS:13|CON: NO] a-->b 3a|00|23|b2|07|00|1f|00|00|83|00|1a|80|00|00|00|00|00|00|00|00|00|00|00|00|00|00|00|00|00|00|00|00|00|00|00|00|00|0a
[0000030158] [DS:13|CON: NO] a-->b 3a|00|06|b3|03|30|00|64|32|0a
[0000030162] [DS:13|CON: NO] a-->b 3a|00|02|b2|00|0a
[0000030165] [DS:13|CON: NO] a-->b 3a|00|02|b2|01|0a
[0000030168] [DS:13|CON: NO] a-->b 3a|00|02|b2|06|0a
[0000030172] [DS:13|CON: NO] a-->b 3a|00|02|b2|07|0a
[0000030176] [DS:13|CON: NO] a-->b 3a|00|02|b2|03|0a
[0000030179] [DS:13|CON: NO] a-->b 3a|00|02|b2|04|0a
[0000030183] [DS:13|CON: NO] a-->b 3a|00|02|b2|0a|0a
[0000030574] [DS:13|CON: NO] a<--b 3a|00|03|b4|00|00|0a
[0000030589] [DS:13|CON: NO] a-->b 3a|00|06|b3|05|33|00|64|32|0a
[0000030712] [DS:13|CON: NO] a<--b 3a|00|03|b4|04|00|0a
[0000032542] [DS:13|CON: NO] a<--b 3a|00|16|b2|05|00|12|00|00|06|00|0a|e2|99|92|99|92|f9|c0|07|00|00|ff|00|00|0a
7seg setting: seq(00)
[0000032560] [DS:13|CON: NO] a-->b 3a|00|0a|b2|06|00|06|00|00|06|00|01|00|0a
[0000033878] [DS:13|CON: NO] a<--b 3a|00|09|b2|05|00|05|01|00|01|00|00|0a
auth init: seq(01)
[0000033902] [DS:13|CON: NO] a-->b 3a|00|1a|b2|06|00|16|01|00|01|00|11|00|14|c7|a1|35|00|8b|0a|ff|00|8b|0a|ff|b5|76|7f|ea|0a
[0000033967] [DS:13|CON: NO] a<--b 3a|00|4f|b2|05|00|4b|02|00|02|00|46|00|00|00|00|00|00|36|51|67|35|64|46|44|76|61|4c|63|35|56|42|63|64|56|67|5a|41|70|57|59|53|79|51|47|6c|39|4d|68|79|b3|0a|77|24|02|0e|32|19|8f|38|7c|07|b2|17|db|9a|7e|7c|89|b2|7a|1a|e5|5c|85|a4|ce|2e|77|f6|e0|2e|0a
[0000034004] [DS:13|CON: NO] a-->b 3a|00|18|b2|01|00|14|00|00|42|00|0f|90|78|56|34|12|89|67|45|23|01|23|00|00|00|00|0a
[0000034015] [DS:13|CON: NO] a-->b 3a|00|0b|b2|00|00|07|00|00|41|00|02|1f|07|0a
[0000034043] [DS:13|CON: NO] a-->b 3a|00|27|b2|0a|00|23|00|0f|00|00|1e|4b|6f|68|61|2e|2c|43|6f|20|20|53|41|56|4c|30|31|39|31|20|20|ff|00|00|a2|00|01|01|06|00|80|0a
[0000034052] [DS:13|CON: NO] a-->b 3a|00|0a|b2|06|00|06|02|00|02|00|01|00|0a
[0000034121] [DS:13|CON: NO] a<--b 3a|00|09|b2|08|00|05|03|00|08|00|00|0a
[0000034145] [DS:13|CON: NO] a-->b 3a|00|23|b2|07|00|1f|00|00|83|00|1a|80|1e|00|00|00|00|00|00|00|00|00|00|00|00|00|00|00|00|00|00|00|00|00|00|00|00|0a
[0000034171] [DS:13|CON: NO] a-->b 3a|00|0a|b2|09|00|06|00|00|08|00|01|00|0a
[0000034187] [DS:13|CON: NO] a-->b 3a|00|15|b2|0a|00|11|00|24|f7|33|b1|d1|52|8f|92|2c|77|ce|41|dc|c7|7b|0a|0a
[0000034197] [DS:13|CON: NO] a<--b 3a|00|03|b4|01|13|0a
[0000034230] [DS:13|CON: NO] a-->b 3a|00|23|b2|07|00|1f|00|00|83|00|1a|80|00|00|00|00|00|00|00|00|00|00|00|00|00|00|00|00|00|00|00|00|00|00|00|00|00|0a
[0000034238] [DS:13|CON: NO] a-->b 3a|00|06|b3|03|30|00|64|32|0a
[0000034242] [DS:13|CON: NO] a-->b 3a|00|02|b2|00|0a
[0000034245] [DS:13|CON: NO] a-->b 3a|00|02|b2|01|0a
[0000034248] [DS:13|CON: NO] a-->b 3a|00|02|b2|06|0a
[0000034252] [DS:13|CON: NO] a-->b 3a|00|02|b2|07|0a
[0000034256] [DS:13|CON: NO] a-->b 3a|00|02|b2|03|0a
[0000034259] [DS:13|CON: NO] a-->b 3a|00|02|b2|04|0a
[0000034263] [DS:13|CON: NO] a-->b 3a|00|02|b2|0a|0a
[0000034617] [DS:13|CON: NO] a<--b 3a|00|03|b4|00|00|0a
[0000034632] [DS:13|CON: NO] a-->b 3a|00|06|b3|05|33|00|64|32|0a
[0000034904] [DS:13|CON: NO] a<--b 3a|00|03|b4|01|3e|0a
[0000034916] [DS:3E|CON: NO] a-->b 3a|00|06|b3|03|30|00|64|32|0a
[WARNING] Code: 0x3E. Do a on/off cycle of Android BLE.
[0000034920] [DS:3E|CON: NO] a-->b 3a|00|02|b2|00|0a
[WARNING] Code: 0x3E. Do a on/off cycle of Android BLE.
[0000034923] [DS:3E|CON: NO] a-->b 3a|00|02|b2|01|0a
[WARNING] Code: 0x3E. Do a on/off cycle of Android BLE.
[0000034926] [DS:3E|CON: NO] a-->b 3a|00|02|b2|06|0a
[WARNING] Code: 0x3E. Do a on/off cycle of Android BLE.
[0000034930] [DS:3E|CON: NO] a-->b 3a|00|02|b2|07|0a
[WARNING] Code: 0x3E. Do a on/off cycle of Android BLE.
[0000034934] [DS:3E|CON: NO] a-->b 3a|00|02|b2|03|0a
[WARNING] Code: 0x3E. Do a on/off cycle of Android BLE.
[0000034938] [DS:3E|CON: NO] a-->b 3a|00|02|b2|04|0a
[WARNING] Code: 0x3E. Do a on/off cycle of Android BLE.
[0000034942] [DS:3E|CON: NO] a-->b 3a|00|02|b2|0a|0a
[WARNING] Code: 0x3E. Do a on/off cycle of Android BLE.
[0000035711] [DS:3E|CON: NO] a<--b 3a|00|03|b4|04|00|0a
[WARNING] Code: 0x3E. Do a on/off cycle of Android BLE.
[0000040711] [DS:3E|CON: NO] a<--b 3a|00|03|b4|04|00|0a
[WARNING] Code: 0x3E. Do a on/off cycle of Android BLE.
[0000045712] [DS:3E|CON: NO] a<--b 3a|00|03|b4|04|00|0a
[WARNING] Code: 0x3E. Do a on/off cycle of Android BLE.
[0000050711] [DS:3E|CON: NO] a<--b 3a|00|03|b4|04|00|0a
[WARNING] Code: 0x3E. Do a on/off cycle of Android BLE.
[0000055711] [DS:3E|CON: NO] a<--b 3a|00|03|b4|04|00|0a
[WARNING] Code: 0x3E. Do a on/off cycle of Android BLE.
[0000059423] [DS:3E|CON: NO] a<--b 3a|00|03|b4|00|00|0a
[WARNING] Code: 0x3E. Do a on/off cycle of Android BLE.
[0000059437] [DS:3E|CON: NO] a-->b 3a|00|06|b3|05|33|01|64|32|0a
[WARNING] Code: 0x3E. Do a on/off cycle of Android BLE.
[0000060712] [DS:3E|CON: NO] a<--b 3a|00|03|b4|04|00|0a
[WARNING] Code: 0x3E. Do a on/off cycle of Android BLE.
[0000061436] [DS:3E|CON: NO] a<--b 3a|00|16|b2|05|00|12|00|00|06|00|0a|e2|99|92|99|92|f9|c0|07|00|00|ff|00|00|0a
[WARNING] Code: 0x3E. Do a on/off cycle of Android BLE.
7seg setting: seq(00)
[0000061452] [DS:3E|CON: NO] a-->b 3a|00|0a|b2|06|00|06|00|00|06|00|01|00|0a
[WARNING] Code: 0x3E. Do a on/off cycle of Android BLE.
[0000061870] [DS:3E|CON: NO] a<--b 3a|00|09|b2|05|00|05|01|00|01|00|00|0a
[WARNING] Code: 0x3E. Do a on/off cycle of Android BLE.
auth init: seq(01)
[0000061896] [DS:3E|CON: NO] a-->b 3a|00|1a|b2|06|00|16|01|00|01|00|11|00|b5|76|7f|ea|4a|5d|27|8e|4a|5d|27|8e|4a|5d|27|8e|0a
[WARNING] Code: 0x3E. Do a on/off cycle of Android BLE.
[0000061960] [DS:3E|CON: NO] a<--b 3a|00|4f|b2|05|00|4b|02|00|02|00|46|00|00|00|00|00|00|36|51|67|35|64|46|44|76|61|4c|63|35|56|42|63|64|56|67|5a|41|70|57|59|53|79|51|47|6c|39|4d|68|79|75|63|7d|4e|3c|a6|39|77|b7|58|8f|49|3d|b7|e2|13|05|45|46|d7|0a|1e|97|b4|64|76|27|d9|4b|fe|5d|70|0a
[WARNING] Code: 0x3E. Do a on/off cycle of Android BLE.
[0000061999] [DS:3E|CON: NO] a-->b 3a|00|18|b2|01|00|14|00|00|42|00|0f|90|78|56|34|12|89|67|45|23|01|23|00|00|00|00|0a
[WARNING] Code: 0x3E. Do a on/off cycle of Android BLE.
[0000062008] [DS:3E|CON: NO] a-->b 3a|00|0b|b2|00|00|07|00|00|41|00|02|1f|07|0a
[WARNING] Code: 0x3E. Do a on/off cycle of Android BLE.
[0000062037] [DS:3E|CON: NO] a-->b 3a|00|27|b2|0a|00|23|00|0f|00|00|1e|4b|6f|68|61|2e|2c|43|6f|20|20|53|41|56|4c|30|31|39|31|20|20|ff|00|00|a2|00|01|01|06|00|80|0a
[WARNING] Code: 0x3E. Do a on/off cycle of Android BLE.
[0000062045] [DS:3E|CON: NO] a-->b 3a|00|0a|b2|06|00|06|02|00|02|00|01|00|0a
[WARNING] Code: 0x3E. Do a on/off cycle of Android BLE.
[0000062076] [DS:3E|CON: NO] a<--b 3a|00|09|b2|08|00|05|03|00|08|00|00|0a
[WARNING] Code: 0x3E. Do a on/off cycle of Android BLE.
[0000062098] [DS:3E|CON: NO] a-->b 3a|00|0a|b2|09|00|06|00|00|08|00|01|00|0a
[WARNING] Code: 0x3E. Do a on/off cycle of Android BLE.
[0000062114] [DS:3E|CON: NO] a-->b 3a|00|15|b2|0a|00|11|00|24|f7|33|b1|d1|52|8f|92|2c|77|ce|41|dc|c7|7b|0a|0a
[WARNING] Code: 0x3E. Do a on/off cycle of Android BLE.
[0000062173] [DS:3E|CON: NO] a-->b 3a|00|23|b2|07|00|1f|00|00|83|00|1a|80|4c|00|00|00|00|00|00|00|00|00|00|00|00|00|00|00|00|00|00|00|00|00|00|00|00|0a
[WARNING] Code: 0x3E. Do a on/off cycle of Android BLE.
[0000062226] [DS:3E|CON: NO] a<--b 3a|00|03|b4|01|13|0a
[WARNING] Code: 0x3E. Do a on/off cycle of Android BLE.
[0000062262] [DS:13|CON: NO] a-->b 3a|00|23|b2|07|00|1f|00|00|83|00|1a|80|00|00|00|00|00|00|00|00|00|00|00|00|00|00|00|00|00|00|00|00|00|00|00|00|00|0a
[0000062270] [DS:13|CON: NO] a-->b 3a|00|06|b3|03|30|01|64|32|0a
[0000062274] [DS:13|CON: NO] a-->b 3a|00|02|b2|00|0a
[0000062277] [DS:13|CON: NO] a-->b 3a|00|02|b2|01|0a
[0000062280] [DS:13|CON: NO] a-->b 3a|00|02|b2|06|0a
[0000062284] [DS:13|CON: NO] a-->b 3a|00|02|b2|07|0a
[0000062288] [DS:13|CON: NO] a-->b 3a|00|02|b2|03|0a
[0000062291] [DS:13|CON: NO] a-->b 3a|00|02|b2|04|0a
[0000062294] [DS:13|CON: NO] a-->b 3a|00|02|b2|0a|0a
[0000062555] [DS:13|CON: NO] a<--b 3a|00|03|b4|00|00|0a
[0000062570] [DS:13|CON: NO] a-->b 3a|00|06|b3|05|33|01|64|32|0a
[0000065327] [DS:13|CON: NO] a<--b 3a|00|16|b2|05|00|12|00|00|06|00|0a|e2|99|92|99|92|f9|c0|07|00|00|ff|00|00|0a
7seg setting: seq(00)
[0000065343] [DS:13|CON: NO] a-->b 3a|00|0a|b2|06|00|06|00|00|06|00|01|00|0a
[0000065711] [DS:13|CON: NO] a<--b 3a|00|03|b4|04|00|0a
[0000066261] [DS:13|CON: NO] a<--b 3a|00|09|b2|05|00|05|01|00|01|00|00|0a
auth init: seq(01)
[0000066288] [DS:13|CON: NO] a-->b 3a|00|1a|b2|06|00|16|01|00|01|00|11|00|4a|5d|27|8e|14|ce|a8|12|14|ce|a8|12|da|60|23|74|0a
[0000066371] [DS:13|CON: NO] a<--b 3a|00|4f|b2|05|00|4b|02|00|02|00|46|00|00|00|00|00|00|36|51|67|35|64|46|44|76|61|4c|63|35|56|42|63|64|56|67|5a|41|70|57|59|53|79|51|47|6c|39|4d|68|79|fe|b5|81|e5|98|b8|6f|66|fb|49|43|c7|78|bb|64|2e|0b|ec|3e|92|3d|e8|49|91|52|80|9d|69|04|c4|18|62|0a
[0000066407] [DS:13|CON: NO] a-->b 3a|00|18|b2|01|00|14|00|00|42|00|0f|90|78|56|34|12|89|67|45|23|01|23|00|00|00|00|0a
[0000066416] [DS:13|CON: NO] a-->b 3a|00|0b|b2|00|00|07|00|00|41|00|02|1f|07|0a
[0000066445] [DS:13|CON: NO] a-->b 3a|00|27|b2|0a|00|23|00|0f|00|00|1e|4b|6f|68|61|2e|2c|43|6f|20|20|53|41|56|4c|30|31|39|31|20|20|ff|00|00|a2|00|01|01|06|00|80|0a
[0000066454] [DS:13|CON: NO] a-->b 3a|00|0a|b2|06|00|06|02|00|02|00|01|00|0a
[0000066524] [DS:13|CON: NO] a<--b 3a|00|09|b2|08|00|05|03|00|08|00|00|0a
[0000066550] [DS:13|CON: NO] a-->b 3a|00|23|b2|07|00|1f|00|00|83|00|1a|80|7d|a3|16|00|7d|a3|16|00|41|04|46|00|00|00|00|00|7d|a3|16|00|00|00|00|00|7d|0a
[0000066576] [DS:13|CON: NO] a-->b 3a|00|0a|b2|09|00|06|00|00|08|00|01|00|0a
[0000066592] [DS:13|CON: NO] a-->b 3a|00|15|b2|0a|00|11|00|24|f7|33|b1|d1|52|8f|92|2c|77|ce|41|dc|c7|7b|0a|0a
[0000066600] [DS:13|CON: NO] a<--b 3a|00|03|b4|01|13|0a
[0000066635] [DS:13|CON: NO] a-->b 3a|00|23|b2|07|00|1f|00|00|83|00|1a|80|00|00|00|00|00|00|00|00|00|00|00|00|00|00|00|00|00|00|00|00|00|00|00|00|00|0a
[0000066643] [DS:13|CON: NO] a-->b 3a|00|06|b3|03|30|00|64|32|0a
[0000066647] [DS:13|CON: NO] a-->b 3a|00|02|b2|00|0a
[0000066650] [DS:13|CON: NO] a-->b 3a|00|02|b2|01|0a
[0000066653] [DS:13|CON: NO] a-->b 3a|00|02|b2|06|0a
[0000066657] [DS:13|CON: NO] a-->b 3a|00|02|b2|07|0a
[0000066661] [DS:13|CON: NO] a-->b 3a|00|02|b2|03|0a
[0000066664] [DS:13|CON: NO] a-->b 3a|00|02|b2|04|0a
[0000066667] [DS:13|CON: NO] a-->b 3a|00|02|b2|0a|0a
[0000066806] [DS:13|CON: NO] a<--b 3a|00|03|b4|00|00|0a
[0000066821] [DS:13|CON: NO] a-->b 3a|00|06|b3|05|33|00|64|32|0a
[0000068776] [DS:13|CON: NO] a<--b 3a|00|16|b2|05|00|12|00|00|06|00|0a|e2|99|92|99|92|f9|c0|07|00|00|ff|00|00|0a
7seg setting: seq(00)
[0000068793] [DS:13|CON: NO] a-->b 3a|00|0a|b2|06|00|06|00|00|06|00|01|00|0a
[0000069380] [DS:13|CON: NO] a<--b 3a|00|09|b2|05|00|05|01|00|01|00|00|0a
auth init: seq(01)
[0000069407] [DS:13|CON: NO] a-->b 3a|00|1a|b2|06|00|16|01|00|01|00|11|00|c3|42|cf|e6|07|90|33|99|07|90|33|99|88|c8|66|dc|0a
[0000069488] [DS:13|CON: NO] a<--b 3a|00|4f|b2|05|00|4b|02|00|02|00|46|00|00|00|00|00|00|36|51|67|35|64|46|44|76|61|4c|63|35|56|42|63|64|56|67|5a|41|70|57|59|53|79|51|47|6c|39|4d|68|79|7f|de|ed|9d|f8|41|c8|8d|a3|f6|ee|58|39|fa|6b|a0|e7|5d|4a|6b|3b|ca|3b|67|5f|2b|a7|9a|2b|66|bb|16|0a
[0000069528] [DS:13|CON: NO] a-->b 3a|00|18|b2|01|00|14|00|00|42|00|0f|90|78|56|34|12|89|67|45|23|01|23|00|00|00|00|0a
[0000069537] [DS:13|CON: NO] a-->b 3a|00|0b|b2|00|00|07|00|00|41|00|02|1f|07|0a
[0000069565] [DS:13|CON: NO] a-->b 3a|00|27|b2|0a|00|23|00|0f|00|00|1e|4b|6f|68|61|2e|2c|43|6f|20|20|53|41|56|4c|30|31|39|31|20|20|ff|00|00|a2|00|01|01|06|00|80|0a
[0000069577] [DS:13|CON: NO] a-->b 3a|00|0a|b2|06|00|06|02|00|02|00|01|00|0a
[0000069623] [DS:13|CON: NO] a<--b 3a|00|09|b2|08|00|05|03|00|08|00|00|0a
[0000069671] [DS:13|CON: NO] a-->b 3a|00|23|b2|07|00|1f|00|00|83|00|1a|80|a8|00|00|00|00|00|00|00|00|00|00|00|00|00|00|00|00|00|00|00|00|00|00|00|00|0a
[0000069697] [DS:13|CON: NO] a-->b 3a|00|0a|b2|09|00|06|00|00|08|00|01|00|0a
[0000069713] [DS:13|CON: NO] a-->b 3a|00|15|b2|0a|00|11|00|24|f7|33|b1|d1|52|8f|92|2c|77|ce|41|dc|c7|7b|0a|0a
[0000069735] [DS:13|CON: NO] a<--b 3a|00|03|b4|01|13|0a
[0000069769] [DS:13|CON: NO] a-->b 3a|00|23|b2|07|00|1f|00|00|83|00|1a|80|00|00|00|00|00|00|00|00|00|00|00|00|00|00|00|00|00|00|00|00|00|00|00|00|00|0a
[0000069777] [DS:13|CON: NO] a-->b 3a|00|06|b3|03|30|00|64|32|0a
[0000069781] [DS:13|CON: NO] a-->b 3a|00|02|b2|00|0a
[0000069784] [DS:13|CON: NO] a-->b 3a|00|02|b2|01|0a
[0000069787] [DS:13|CON: NO] a-->b 3a|00|02|b2|06|0a
[0000069791] [DS:13|CON: NO] a-->b 3a|00|02|b2|07|0a
[0000069795] [DS:13|CON: NO] a-->b 3a|00|02|b2|03|0a
[0000069798] [DS:13|CON: NO] a-->b 3a|00|02|b2|04|0a
[0000069801] [DS:13|CON: NO] a-->b 3a|00|02|b2|0a|0a
[0000070059] [DS:13|CON: NO] a<--b 3a|00|03|b4|00|00|0a
[0000070075] [DS:13|CON: NO] a-->b 3a|00|06|b3|05|33|00|64|32|0a
[0000070712] [DS:13|CON: NO] a<--b 3a|00|03|b4|04|00|0a
[0000072069] [DS:13|CON: NO] a<--b 3a|00|16|b2|05|00|12|00|00|06|00|0a|e2|99|92|99|92|f9|c0|07|00|00|ff|00|00|0a
7seg setting: seq(00)
[0000072087] [DS:13|CON: NO] a-->b 3a|00|0a|b2|06|00|06|00|00|06|00|01|00|0a
[0000072751] [DS:13|CON: NO] a<--b 3a|00|09|b2|05|00|05|01|00|01|00|00|0a
auth init: seq(01)
[0000072777] [DS:13|CON: NO] a-->b 3a|00|1a|b2|06|00|16|01|00|01|00|11|00|4a|65|99|39|d8|c9|00|3a|d8|c9|00|3a|be|cb|5b|fa|0a
[0000072860] [DS:13|CON: NO] a<--b 3a|00|4f|b2|05|00|4b|02|00|02|00|46|00|00|00|00|00|00|36|51|67|35|64|46|44|76|61|4c|63|35|56|42|63|64|56|67|5a|41|70|57|59|53|79|51|47|6c|39|4d|68|79|79|68|e2|02|68|cc|07|20|0e|a2|5b|35|76|5c|f9|8c|45|ab|69|b5|96|1d|d8|37|f8|ed|52|e8|cc|3e|00|e3|0a
[0000072897] [DS:13|CON: NO] a-->b 3a|00|18|b2|01|00|14|00|00|42|00|0f|90|78|56|34|12|89|67|45|23|01|23|00|00|00|00|0a
[0000072907] [DS:13|CON: NO] a-->b 3a|00|0b|b2|00|00|07|00|00|41|00|02|1f|07|0a
[0000072935] [DS:13|CON: NO] a-->b 3a|00|27|b2|0a|00|23|00|0f|00|00|1e|4b|6f|68|61|2e|2c|43|6f|20|20|53|41|56|4c|30|31|39|31|20|20|ff|00|00|a2|00|01|01|06|00|80|0a
[0000072943] [DS:13|CON: NO] a-->b 3a|00|0a|b2|06|00|06|02|00|02|00|01|00|0a
[0000072994] [DS:13|CON: NO] a<--b 3a|00|09|b2|08|00|05|03|00|08|00|00|0a
[0000073042] [DS:13|CON: NO] a-->b 3a|00|23|b2|07|00|1f|00|00|83|00|1a|80|cd|bc|16|00|cd|bc|16|00|41|04|46|00|00|00|00|00|cd|bc|16|00|00|00|00|00|cd|0a
[0000073068] [DS:13|CON: NO] a-->b 3a|00|0a|b2|09|00|06|00|00|08|00|01|00|0a
[0000073084] [DS:13|CON: NO] a-->b 3a|00|15|b2|0a|00|11|00|24|f7|33|b1|d1|52|8f|92|2c|77|ce|41|dc|c7|7b|0a|0a
[0000073107] [DS:13|CON: NO] a<--b 3a|00|03|b4|01|13|0a
[0000073141] [DS:13|CON: NO] a-->b 3a|00|23|b2|07|00|1f|00|00|83|00|1a|80|00|00|00|00|00|00|00|00|00|00|00|00|00|00|00|00|00|00|00|00|00|00|00|00|00|0a
[0000073148] [DS:13|CON: NO] a-->b 3a|00|06|b3|03|30|00|64|32|0a
[0000073152] [DS:13|CON: NO] a-->b 3a|00|02|b2|00|0a
[0000073155] [DS:13|CON: NO] a-->b 3a|00|02|b2|01|0a
[0000073158] [DS:13|CON: NO] a-->b 3a|00|02|b2|06|0a
[0000073162] [DS:13|CON: NO] a-->b 3a|00|02|b2|07|0a
[0000073166] [DS:13|CON: NO] a-->b 3a|00|02|b2|03|0a
[0000073169] [DS:13|CON: NO] a-->b 3a|00|02|b2|04|0a
[0000073173] [DS:13|CON: NO] a-->b 3a|00|02|b2|0a|0a
[0000073527] [DS:13|CON: NO] a<--b 3a|00|03|b4|00|00|0a
[0000073542] [DS:13|CON: NO] a-->b 3a|00|06|b3|05|33|00|64|32|0a
[0000075489] [DS:13|CON: NO] a<--b 3a|00|16|b2|05|00|12|00|00|06|00|0a|e2|99|92|99|92|f9|c0|07|00|00|ff|00|00|0a
7seg setting: seq(00)
[0000075506] [DS:13|CON: NO] a-->b 3a|00|0a|b2|06|00|06|00|00|06|00|01|00|0a
[0000075712] [DS:13|CON: NO] a<--b 3a|00|03|b4|04|00|0a
[0000076189] [DS:13|CON: NO] a<--b 3a|00|09|b2|05|00|05|01|00|01|00|00|0a
auth init: seq(01)
[0000076213] [DS:13|CON: NO] a-->b 3a|00|1a|b2|06|00|16|01|00|01|00|11|00|be|cb|5b|fa|63|d2|89|c6|1f|36|6b|47|1f|36|6b|47|0a
[0000076296] [DS:13|CON: NO] a<--b 3a|00|4f|b2|05|00|4b|02|00|02|00|46|00|00|00|00|00|00|36|51|67|35|64|46|44|76|61|4c|63|35|56|42|63|64|56|67|5a|41|70|57|59|53|79|51|47|6c|39|4d|68|79|e9|a1|32|f6|0f|c1|1f|e9|4c|c9|84|42|42|1d|38|75|77|dd|58|55|9e|43|82|10|15|07|0a|9d|5a|2f|cc|31|0a
[0000076335] [DS:13|CON: NO] a-->b 3a|00|18|b2|01|00|14|00|00|42|00|0f|90|78|56|34|12|89|67|45|23|01|23|00|00|00|00|0a
[0000076344] [DS:13|CON: NO] a-->b 3a|00|0b|b2|00|00|07|00|00|41|00|02|1f|07|0a
[0000076372] [DS:13|CON: NO] a-->b 3a|00|27|b2|0a|00|23|00|0f|00|00|1e|4b|6f|68|61|2e|2c|43|6f|20|20|53|41|56|4c|30|31|39|31|20|20|ff|00|00|a2|00|01|01|06|00|80|0a
[0000076380] [DS:13|CON: NO] a-->b 3a|00|0a|b2|06|00|06|02|00|02|00|01|00|0a
[0000076450] [DS:13|CON: NO] a<--b 3a|00|09|b2|08|00|05|03|00|08|00|00|0a
[0000076476] [DS:13|CON: NO] a-->b 3a|00|23|b2|07|00|1f|00|00|83|00|1a|80|35|ca|16|00|35|ca|16|00|41|04|46|00|00|00|00|00|35|ca|16|00|00|00|00|00|35|0a
[0000076502] [DS:13|CON: NO] a-->b 3a|00|0a|b2|09|00|06|00|00|08|00|01|00|0a
[0000076527] [DS:13|CON: NO] a-->b 3a|00|15|b2|0a|00|11|00|24|f7|33|b1|d1|52|8f|92|2c|77|ce|41|dc|c7|7b|0a|0a
[0000076545] [DS:13|CON: NO] a<--b 3a|00|03|b4|01|13|0a
[0000076579] [DS:13|CON: NO] a-->b 3a|00|23|b2|07|00|1f|00|00|83|00|1a|80|00|00|00|00|00|00|00|00|00|00|00|00|00|00|00|00|00|00|00|00|00|00|00|00|00|0a
[0000076587] [DS:13|CON: NO] a-->b 3a|00|06|b3|03|30|00|64|32|0a
[0000076591] [DS:13|CON: NO] a-->b 3a|00|02|b2|00|0a
[0000076593] [DS:13|CON: NO] a-->b 3a|00|02|b2|01|0a
[0000076596] [DS:13|CON: NO] a-->b 3a|00|02|b2|06|0a
[0000076600] [DS:13|CON: NO] a-->b 3a|00|02|b2|07|0a
[0000076604] [DS:13|CON: NO] a-->b 3a|00|02|b2|03|0a
[0000076607] [DS:13|CON: NO] a-->b 3a|00|02|b2|04|0a
[0000076611] [DS:13|CON: NO] a-->b 3a|00|02|b2|0a|0a
[0000076989] [DS:13|CON: NO] a<--b 3a|00|03|b4|00|00|0a
[0000077003] [DS:13|CON: NO] a-->b 3a|00|06|b3|05|33|00|64|32|0a
[0000078955] [DS:13|CON: NO] a<--b 3a|00|16|b2|05|00|12|00|00|06|00|0a|e2|99|92|99|92|f9|c0|07|00|00|ff|00|00|0a
7seg setting: seq(00)
[0000078973] [DS:13|CON: NO] a-->b 3a|00|0a|b2|06|00|06|00|00|06|00|01|00|0a
[0000079647] [DS:13|CON: NO] a<--b 3a|00|09|b2|05|00|05|01|00|01|00|00|0a
auth init: seq(01)
[0000079673] [DS:13|CON: NO] a-->b 3a|00|1a|b2|06|00|16|01|00|01|00|11|00|d8|7b|0b|e1|b7|71|a6|cc|b7|71|a6|cc|85|d3|70|b0|0a
[0000079775] [DS:13|CON: NO] a<--b 3a|00|4f|b2|05|00|4b|02|00|02|00|46|00|00|00|00|00|00|36|51|67|35|64|46|44|76|61|4c|63|35|56|42|63|64|56|67|5a|41|70|57|59|53|79|51|47|6c|39|4d|68|79|5c|dc|00|41|22|aa|00|77|f7|a3|61|cf|6d|bb|84|0e|89|83|e7|4a|f6|d9|5b|fe|4d|d4|8f|1b|13|87|60|f9|0a
[0000079811] [DS:13|CON: NO] a-->b 3a|00|18|b2|01|00|14|00|00|42|00|0f|90|78|56|34|12|89|67|45|23|01|23|00|00|00|00|0a
[0000079821] [DS:13|CON: NO] a-->b 3a|00|0b|b2|00|00|07|00|00|41|00|02|1f|07|0a
[0000079849] [DS:13|CON: NO] a-->b 3a|00|27|b2|0a|00|23|00|0f|00|00|1e|4b|6f|68|61|2e|2c|43|6f|20|20|53|41|56|4c|30|31|39|31|20|20|ff|00|00|a2|00|01|01|06|00|80|0a
[0000079858] [DS:13|CON: NO] a-->b 3a|00|0a|b2|06|00|06|02|00|02|00|01|00|0a
[0000079910] [DS:13|CON: NO] a<--b 3a|00|09|b2|08|00|05|03|00|08|00|00|0a
[0000079954] [DS:13|CON: NO] a-->b 3a|00|23|b2|07|00|1f|00|00|83|00|1a|80|c4|00|00|00|00|00|00|00|00|00|00|00|00|00|00|00|00|00|00|00|00|00|00|00|00|0a
[0000079980] [DS:13|CON: NO] a-->b 3a|00|0a|b2|09|00|06|00|00|08|00|01|00|0a
[0000079996] [DS:13|CON: NO] a-->b 3a|00|15|b2|0a|00|11|00|24|f7|33|b1|d1|52|8f|92|2c|77|ce|41|dc|c7|7b|0a|0a
[0000080022] [DS:13|CON: NO] a<--b 3a|00|03|b4|01|13|0a
[0000080055] [DS:13|CON: NO] a-->b 3a|00|23|b2|07|00|1f|00|00|83|00|1a|80|00|00|00|00|00|00|00|00|00|00|00|00|00|00|00|00|00|00|00|00|00|00|00|00|00|0a
[0000080063] [DS:13|CON: NO] a-->b 3a|00|06|b3|03|30|00|64|32|0a
[0000080067] [DS:13|CON: NO] a-->b 3a|00|02|b2|00|0a
[0000080070] [DS:13|CON: NO] a-->b 3a|00|02|b2|01|0a
[0000080073] [DS:13|CON: NO] a-->b 3a|00|02|b2|06|0a
[0000080077] [DS:13|CON: NO] a-->b 3a|00|02|b2|07|0a
[0000080081] [DS:13|CON: NO] a-->b 3a|00|02|b2|03|0a
[0000080084] [DS:13|CON: NO] a-->b 3a|00|02|b2|04|0a
[0000080088] [DS:13|CON: NO] a-->b 3a|00|02|b2|0a|0a
[0000080338] [DS:13|CON: NO] a<--b 3a|00|03|b4|00|00|0a
[0000080352] [DS:13|CON: NO] a-->b 3a|00|06|b3|05|33|00|64|32|0a
[0000080711] [DS:13|CON: NO] a<--b 3a|00|03|b4|04|00|0a
[0000081854] [DS:13|CON: NO] a-->b 3a|00|06|b3|05|33|00|64|32|0a
[0000082309] [DS:13|CON: NO] a<--b 3a|00|16|b2|05|00|12|00|00|06|00|0a|e2|99|92|99|92|f9|c0|07|00|00|ff|00|00|0a
7seg setting: seq(00)
[0000082326] [DS:13|CON: NO] a-->b 3a|00|0a|b2|06|00|06|00|00|06|00|01|00|0a
[0000082919] [DS:13|CON: NO] a<--b 3a|00|09|b2|05|00|05|01|00|01|00|00|0a
auth init: seq(01)
[0000082945] [DS:13|CON: NO] a-->b 3a|00|1a|b2|06|00|16|01|00|01|00|11|00|85|d3|70|b0|31|0a|ac|8e|0b|35|fa|21|0b|35|fa|21|0a
[0000083027] [DS:13|CON: NO] a<--b 3a|00|4f|b2|05|00|4b|02|00|02|00|46|00|00|00|00|00|00|36|51|67|35|64|46|44|76|61|4c|63|35|56|42|63|64|56|67|5a|41|70|57|59|53|79|51|47|6c|39|4d|68|79|58|61|db|f1|a3|17|aa|b6|53|6f|d6|ac|6c|9f|75|8f|84|87|bd|80|0a|94|59|18|53|ec|6d|08|38|23|22|74|0a
[0000083067] [DS:13|CON: NO] a-->b 3a|00|18|b2|01|00|14|00|00|42|00|0f|90|78|56|34|12|89|67|45|23|01|23|00|00|00|00|0a
[0000083076] [DS:13|CON: NO] a-->b 3a|00|0b|b2|00|00|07|00|00|41|00|02|1f|07|0a
[0000083104] [DS:13|CON: NO] a-->b 3a|00|27|b2|0a|00|23|00|0f|00|00|1e|4b|6f|68|61|2e|2c|43|6f|20|20|53|41|56|4c|30|31|39|31|20|20|ff|00|00|a2|00|01|01|06|00|80|0a
[0000083115] [DS:13|CON: NO] a-->b 3a|00|0a|b2|06|00|06|02|00|02|00|01|00|0a
[0000083231] [DS:13|CON: NO] a-->b 3a|00|0a|b2|09|00|06|00|00|08|00|01|00|0a
[0000083292] [DS:13|CON: NO] a-->b 3a|00|23|b2|07|00|1f|00|00|83|00|1a|80|00|00|00|00|00|00|00|00|00|00|00|00|00|00|00|00|00|00|00|00|00|00|00|00|00|0a
[0000083300] [DS:13|CON: NO] a-->b 3a|00|06|b3|03|30|00|64|32|0a
[0000083304] [DS:13|CON: NO] a-->b 3a|00|02|b2|00|0a
[0000083307] [DS:13|CON: NO] a-->b 3a|00|02|b2|01|0a
[0000083310] [DS:13|CON: NO] a-->b 3a|00|02|b2|06|0a
[0000083314] [DS:13|CON: NO] a-->b 3a|00|02|b2|07|0a
[0000083318] [DS:13|CON: NO] a-->b 3a|00|02|b2|03|0a
[0000083322] [DS:13|CON: NO] a-->b 3a|00|02|b2|04|0a
[0000083325] [DS:13|CON: NO] a-->b 3a|00|02|b2|0a|0a
[0000084468] [DS:13|CON: NO] a<--b 3a|00|03|b4|00|00|0a
[0000084481] [DS:13|CON: NO] a-->b 3a|00|06|b3|05|33|00|64|32|0a
[0000085712] [DS:13|CON: NO] a<--b 3a|00|03|b4|04|00|0a
[0000090712] [DS:13|CON: NO] a<--b 3a|00|03|b4|04|00|0a
[0000095711] [DS:13|CON: NO] a<--b 3a|00|03|b4|04|00|0a
[0000100711] [DS:13|CON: NO] a<--b 3a|00|03|b4|04|00|0a
[0000104515] [DS:13|CON: NO] a-->b 3a|00|06|b3|03|30|00|64|32|0a
[0000104519] [DS:13|CON: NO] a-->b 3a|00|02|b2|00|0a
[0000104522] [DS:13|CON: NO] a-->b 3a|00|02|b2|01|0a
[0000104525] [DS:13|CON: NO] a-->b 3a|00|02|b2|06|0a
[0000104529] [DS:13|CON: NO] a-->b 3a|00|02|b2|07|0a
[0000104533] [DS:13|CON: NO] a-->b 3a|00|02|b2|03|0a
[0000104537] [DS:13|CON: NO] a-->b 3a|00|02|b2|04|0a
[0000104541] [DS:13|CON: NO] a-->b 3a|00|02|b2|0a|0a
[0000104543] [DS:13|CON: NO] a<--b 3a|00|03|b4|01|16|0a
[0000105079] [DS:16|CON: NO] a<--b 3a|00|03|b4|00|00|0a
[0000105095] [DS:16|CON: NO] a-->b 3a|00|06|b3|05|33|00|64|32|0a
[0000105712] [DS:16|CON: NO] a<--b 3a|00|03|b4|04|00|0a
[0000107109] [DS:16|CON: NO] a<--b 3a|00|16|b2|05|00|12|00|00|06|00|0a|e2|99|92|99|92|f9|c0|07|00|00|ff|00|00|0a
7seg setting: seq(00)
[0000107124] [DS:16|CON: NO] a-->b 3a|00|0a|b2|06|00|06|00|00|06|00|01|00|0a
[0000107799] [DS:16|CON: NO] a<--b 3a|00|09|b2|05|00|05|01|00|01|00|00|0a
auth init: seq(01)
[0000107826] [DS:16|CON: NO] a-->b 3a|00|1a|b2|06|00|16|01|00|01|00|11|00|0b|35|fa|21|26|da|e9|c6|65|2c|85|f8|65|2c|85|f8|0a
[0000107909] [DS:16|CON: NO] a<--b 3a|00|4f|b2|05|00|4b|02|00|02|00|46|00|00|00|00|00|00|36|51|67|35|64|46|44|76|61|4c|63|35|56|42|63|64|56|67|5a|41|70|57|59|53|79|51|47|6c|39|4d|68|79|76|32|75|64|b3|0e|49|19|dc|07|5f|ee|e4|93|9d|9b|66|30|98|d7|ee|3f|e8|85|8e|7c|4b|e0|18|46|00|ba|0a
[0000107947] [DS:16|CON: NO] a-->b 3a|00|18|b2|01|00|14|00|00|42|00|0f|90|78|56|34|12|89|67|45|23|01|23|00|00|00|00|0a
[0000107955] [DS:16|CON: NO] a-->b 3a|00|0b|b2|00|00|07|00|00|41|00|02|1f|07|0a
[0000107983] [DS:16|CON: NO] a-->b 3a|00|27|b2|0a|00|23|00|0f|00|00|1e|4b|6f|68|61|2e|2c|43|6f|20|20|53|41|56|4c|30|31|39|31|20|20|ff|00|00|a2|00|01|01|06|00|80|0a
[0000107995] [DS:16|CON: NO] a-->b 3a|00|0a|b2|06|00|06|02|00|02|00|01|00|0a
[0000108062] [DS:16|CON: NO] a<--b 3a|00|09|b2|08|00|05|03|00|08|00|00|0a
[0000108089] [DS:16|CON: NO] a-->b 3a|00|23|b2|07|00|1f|00|00|83|00|1a|80|7e|00|00|00|00|00|00|00|00|00|00|00|00|00|00|00|00|00|00|00|00|00|00|00|00|0a
[0000108115] [DS:16|CON: NO] a-->b 3a|00|0a|b2|09|00|06|00|00|08|00|01|00|0a
[0000108131] [DS:16|CON: NO] a-->b 3a|00|15|b2|0a|00|11|00|24|f7|33|b1|d1|52|8f|92|2c|77|ce|41|dc|c7|7b|0a|0a
[0000108136] [DS:16|CON: NO] a<--b 3a|00|03|b4|01|13|0a
[0000108175] [DS:13|CON: NO] a-->b 3a|00|23|b2|07|00|1f|00|00|83|00|1a|80|00|00|00|00|00|00|00|00|00|00|00|00|00|00|00|00|00|00|00|00|00|00|00|00|00|0a
[0000108183] [DS:13|CON: NO] a-->b 3a|00|06|b3|03|30|00|64|32|0a
[0000108187] [DS:13|CON: NO] a-->b 3a|00|02|b2|00|0a
[0000108190] [DS:13|CON: NO] a-->b 3a|00|02|b2|01|0a
[0000108193] [DS:13|CON: NO] a-->b 3a|00|02|b2|06|0a
[0000108197] [DS:13|CON: NO] a-->b 3a|00|02|b2|07|0a
[0000108201] [DS:13|CON: NO] a-->b 3a|00|02|b2|03|0a
[0000108204] [DS:13|CON: NO] a-->b 3a|00|02|b2|04|0a
[0000108207] [DS:13|CON: NO] a-->b 3a|00|02|b2|0a|0a
[0000108469] [DS:13|CON: NO] a<--b 3a|00|03|b4|00|00|0a
[0000108484] [DS:13|CON: NO] a-->b 3a|00|06|b3|05|33|00|64|32|0a
[0000110448] [DS:13|CON: NO] a<--b 3a|00|16|b2|05|00|12|00|00|06|00|0a|e2|99|92|99|92|f9|c0|07|00|00|ff|00|00|0a
7seg setting: seq(00)
[0000110465] [DS:13|CON: NO] a-->b 3a|00|0a|b2|06|00|06|00|00|06|00|01|00|0a
[0000110712] [DS:13|CON: NO] a<--b 3a|00|03|b4|04|00|0a
[0000111384] [DS:13|CON: NO] a<--b 3a|00|09|b2|05|00|05|01|00|01|00|00|0a
auth init: seq(01)
[0000111410] [DS:13|CON: NO] a-->b 3a|00|1a|b2|06|00|16|01|00|01|00|11|00|65|2c|85|f8|e9|e3|21|91|e9|e3|21|91|ff|eb|6d|d0|0a
[0000111491] [DS:13|CON: NO] a<--b 3a|00|4f|b2|05|00|4b|02|00|02|00|46|00|00|00|00|00|00|36|51|67|35|64|46|44|76|61|4c|63|35|56|42|63|64|56|67|5a|41|70|57|59|53|79|51|47|6c|39|4d|68|79|6c|61|f2|1e|4b|83|10|71|6f|c6|88|25|b6|e0|bc|20|18|1b|ae|63|34|11|7f|ea|5e|5e|b1|79|dd|54|70|e4|0a
[0000111529] [DS:13|CON: NO] a-->b 3a|00|18|b2|01|00|14|00|00|42|00|0f|90|78|56|34|12|89|67|45|23|01|23|00|00|00|00|0a
[0000111539] [DS:13|CON: NO] a-->b 3a|00|0b|b2|00|00|07|00|00|41|00|02|1f|07|0a
[0000111567] [DS:13|CON: NO] a-->b 3a|00|27|b2|0a|00|23|00|0f|00|00|1e|4b|6f|68|61|2e|2c|43|6f|20|20|53|41|56|4c|30|31|39|31|20|20|ff|00|00|a2|00|01|01|06|00|80|0a
[0000111575] [DS:13|CON: NO] a-->b 3a|00|0a|b2|06|00|06|02|00|02|00|01|00|0a
[0000111628] [DS:13|CON: NO] a<--b 3a|00|09|b2|08|00|05|03|00|08|00|00|0a
[0000111674] [DS:13|CON: NO] a-->b 3a|00|23|b2|07|00|1f|00|00|83|00|1a|80|78|00|00|00|00|00|00|00|00|00|00|00|00|00|00|00|00|00|00|00|00|00|00|00|00|0a
[0000111701] [DS:13|CON: NO] a-->b 3a|00|0a|b2|09|00|06|00|00|08|00|01|00|0a
[0000111717] [DS:13|CON: NO] a-->b 3a|00|15|b2|0a|00|11|00|24|f7|33|b1|d1|52|8f|92|2c|77|ce|41|dc|c7|7b|0a|0a
[0000111740] [DS:13|CON: NO] a<--b 3a|00|03|b4|01|13|0a
[0000111773] [DS:13|CON: NO] a-->b 3a|00|23|b2|07|00|1f|00|00|83|00|1a|80|00|00|00|00|00|00|00|00|00|00|00|00|00|00|00|00|00|00|00|00|00|00|00|00|00|0a
[0000111781] [DS:13|CON: NO] a-->b 3a|00|06|b3|03|30|00|64|32|0a
[0000111785] [DS:13|CON: NO] a-->b 3a|00|02|b2|00|0a
[0000111788] [DS:13|CON: NO] a-->b 3a|00|02|b2|01|0a
[0000111791] [DS:13|CON: NO] a-->b 3a|00|02|b2|06|0a
[0000111795] [DS:13|CON: NO] a-->b 3a|00|02|b2|07|0a
[0000111799] [DS:13|CON: NO] a-->b 3a|00|02|b2|03|0a
[0000111802] [DS:13|CON: NO] a-->b 3a|00|02|b2|04|0a
[0000111806] [DS:13|CON: NO] a-->b 3a|00|02|b2|0a|0a
[0000112017] [DS:13|CON: NO] a<--b 3a|00|03|b4|00|00|0a
[0000112031] [DS:13|CON: NO] a-->b 3a|00|06|b3|05|33|00|64|32|0a
[0000114003] [DS:13|CON: NO] a<--b 3a|00|16|b2|05|00|12|00|00|06|00|0a|e2|99|92|99|92|f9|c0|07|00|00|ff|00|00|0a
7seg setting: seq(00)
[0000114020] [DS:13|CON: NO] a-->b 3a|00|0a|b2|06|00|06|00|00|06|00|01|00|0a
[0000114659] [DS:13|CON: NO] a<--b 3a|00|09|b2|05|00|05|01|00|01|00|00|0a
auth init: seq(01)
[0000114686] [DS:13|CON: NO] a-->b 3a|00|1a|b2|06|00|16|01|00|01|00|11|00|d6|f8|14|86|d6|f8|14|86|d6|f8|14|86|6c|50|d7|45|0a
[0000114767] [DS:13|CON: NO] a<--b 3a|00|4f|b2|05|00|4b|02|00|02|00|46|00|00|00|00|00|00|36|51|67|35|64|46|44|76|61|4c|63|35|56|42|63|64|56|67|5a|41|70|57|59|53|79|51|47|6c|39|4d|68|79|ad|e0|57|a5|dc|21|6f|6b|85|0a|13|f8|fc|b0|2b|70|28|7e|a6|2e|27|ab|4c|09|7a|df|b0|be|5b|fb|2e|47|0a
[0000114806] [DS:13|CON: NO] a-->b 3a|00|18|b2|01|00|14|00|00|42|00|0f|90|78|56|34|12|89|67|45|23|01|23|00|00|00|00|0a
[0000114816] [DS:13|CON: NO] a-->b 3a|00|0b|b2|00|00|07|00|00|41|00|02|1f|07|0a
[0000114844] [DS:13|CON: NO] a-->b 3a|00|27|b2|0a|00|23|00|0f|00|00|1e|4b|6f|68|61|2e|2c|43|6f|20|20|53|41|56|4c|30|31|39|31|20|20|ff|00|00|a2|00|01|01|06|00|80|0a
[0000114853] [DS:13|CON: NO] a-->b 3a|00|0a|b2|06|00|06|02|00|02|00|01|00|0a
[0000114902] [DS:13|CON: NO] a<--b 3a|00|09|b2|08|00|05|03|00|08|00|00|0a
[0000114950] [DS:13|CON: NO] a-->b 3a|00|23|b2|07|00|1f|00|00|83|00|1a|80|40|00|00|00|00|00|00|00|00|00|00|00|00|00|00|00|00|00|00|00|00|00|00|00|00|0a
[0000114976] [DS:13|CON: NO] a-->b 3a|00|0a|b2|09|00|06|00|00|08|00|01|00|0a
[0000114992] [DS:13|CON: NO] a-->b 3a|00|15|b2|0a|00|11|00|24|f7|33|b1|d1|52|8f|92|2c|77|ce|41|dc|c7|7b|0a|0a
[0000115015] [DS:13|CON: NO] a<--b 3a|00|03|b4|01|13|0a
[0000115048] [DS:13|CON: NO] a-->b 3a|00|23|b2|07|00|1f|00|00|83|00|1a|80|00|00|00|00|00|00|00|00|00|00|00|00|00|00|00|00|00|00|00|00|00|00|00|00|00|0a
[0000115056] [DS:13|CON: NO] a-->b 3a|00|06|b3|03|30|00|64|32|0a
[0000115060] [DS:13|CON: NO] a-->b 3a|00|02|b2|00|0a
[0000115063] [DS:13|CON: NO] a-->b 3a|00|02|b2|01|0a
[0000115066] [DS:13|CON: NO] a-->b 3a|00|02|b2|06|0a
[0000115070] [DS:13|CON: NO] a-->b 3a|00|02|b2|07|0a
[0000115074] [DS:13|CON: NO] a-->b 3a|00|02|b2|03|0a
[0000115077] [DS:13|CON: NO] a-->b 3a|00|02|b2|04|0a
[0000115081] [DS:13|CON: NO] a-->b 3a|00|02|b2|0a|0a
[0000115468] [DS:13|CON: NO] a<--b 3a|00|03|b4|00|00|0a
[0000115481] [DS:13|CON: NO] a-->b 3a|00|06|b3|05|33|00|64|32|0a
[0000115712] [DS:13|CON: NO] a<--b 3a|00|03|b4|04|00|0a
[0000117439] [DS:13|CON: NO] a<--b 3a|00|16|b2|05|00|12|00|00|06|00|0a|e2|99|92|99|92|f9|c0|07|00|00|ff|00|00|0a
7seg setting: seq(00)
[0000117456] [DS:13|CON: NO] a-->b 3a|00|0a|b2|06|00|06|00|00|06|00|01|00|0a
[0000118097] [DS:13|CON: NO] a<--b 3a|00|09|b2|05|00|05|01|00|01|00|00|0a
auth init: seq(01)
[0000118123] [DS:13|CON: NO] a-->b 3a|00|1a|b2|06|00|16|01|00|01|00|11|00|04|9a|cf|1b|04|9a|cf|1b|ac|06|f6|38|ac|06|f6|38|0a
[0000118204] [DS:13|CON: NO] a<--b 3a|00|4f|b2|05|00|4b|02|00|02|00|46|00|00|00|00|00|00|36|51|67|35|64|46|44|76|61|4c|63|35|56|42|63|64|56|67|5a|41|70|57|59|53|79|51|47|6c|39|4d|68|79|3a|49|09|c9|4b|31|46|2d|6c|5d|e8|ec|7d|0c|89|5e|d3|fe|8f|f2|80|24|60|8c|4e|54|be|ad|4f|6f|7d|a4|0a
[0000118243] [DS:13|CON: NO] a-->b 3a|00|18|b2|01|00|14|00|00|42|00|0f|90|78|56|34|12|89|67|45|23|01|23|00|00|00|00|0a
[0000118253] [DS:13|CON: NO] a-->b 3a|00|0b|b2|00|00|07|00|00|41|00|02|1f|07|0a
[0000118281] [DS:13|CON: NO] a-->b 3a|00|27|b2|0a|00|23|00|0f|00|00|1e|4b|6f|68|61|2e|2c|43|6f|20|20|53|41|56|4c|30|31|39|31|20|20|ff|00|00|a2|00|01|01|06|00|80|0a
[0000118289] [DS:13|CON: NO] a-->b 3a|00|0a|b2|06|00|06|02|00|02|00|01|00|0a
[0000118358] [DS:13|CON: NO] a<--b 3a|00|09|b2|08|00|05|03|00|08|00|00|0a
[0000118387] [DS:13|CON: NO] a-->b 3a|00|23|b2|07|00|1f|00|00|83|00|1a|80|a8|00|00|00|00|00|00|00|00|00|00|00|00|00|00|00|00|00|00|00|00|00|00|00|00|0a
[0000118413] [DS:13|CON: NO] a-->b 3a|00|0a|b2|09|00|06|00|00|08|00|01|00|0a
[0000118430] [DS:13|CON: NO] a-->b 3a|00|15|b2|0a|00|11|00|24|f7|33|b1|d1|52|8f|92|2c|77|ce|41|dc|c7|7b|0a|0a
[0000118434] [DS:13|CON: NO] a<--b 3a|00|03|b4|01|13|0a
[0000118473] [DS:13|CON: NO] a-->b 3a|00|23|b2|07|00|1f|00|00|83|00|1a|80|00|00|00|00|00|00|00|00|00|00|00|00|00|00|00|00|00|00|00|00|00|00|00|00|00|0a
[0000118481] [DS:13|CON: NO] a-->b 3a|00|06|b3|03|30|00|64|32|0a
[0000118486] [DS:13|CON: NO] a-->b 3a|00|02|b2|00|0a
[0000118488] [DS:13|CON: NO] a-->b 3a|00|02|b2|01|0a
[0000118491] [DS:13|CON: NO] a-->b 3a|00|02|b2|06|0a
[0000118496] [DS:13|CON: NO] a-->b 3a|00|02|b2|07|0a
[0000118499] [DS:13|CON: NO] a-->b 3a|00|02|b2|03|0a
[0000118502] [DS:13|CON: NO] a-->b 3a|00|02|b2|04|0a
[0000118506] [DS:13|CON: NO] a-->b 3a|00|02|b2|0a|0a
[0000120712] [DS:13|CON: NO] a<--b 3a|00|03|b4|04|00|0a
[0000125711] [DS:13|CON: NO] a<--b 3a|00|03|b4|04|00|0a
[0000130712] [DS:13|CON: NO] a<--b 3a|00|03|b4|04|00|0a
[0000135713] [DS:13|CON: NO] a<--b 3a|00|03|b4|04|00|0a
[0000140713] [DS:13|CON: NO] a<--b 3a|00|03|b4|04|00|0a
[0000141854] [DS:13|CON: NO] a-->b 3a|00|06|b3|03|30|00|64|32|0a
[0000145712] [DS:13|CON: NO] a<--b 3a|00|03|b4|04|00|0a
[0000150712] [DS:13|CON: NO] a<--b 3a|00|03|b4|04|00|0a
[0000155713] [DS:13|CON: NO] a<--b 3a|00|03|b4|04|00|0a
[0000160712] [DS:13|CON: NO] a<--b 3a|00|03|b4|04|00|0a
[0000165712] [DS:13|CON: NO] a<--b 3a|00|03|b4|04|00|0a
[0000170713] [DS:13|CON: NO] a<--b 3a|00|03|b4|04|00|0a
[0000175713] [DS:13|CON: NO] a<--b 3a|00|03|b4|04|00|0a
[0000180713] [DS:13|CON: NO] a<--b 3a|00|03|b4|04|00|0a
[0000185713] [DS:13|CON: NO] a<--b 3a|00|03|b4|04|00|0a
[0000190712] [DS:13|CON: NO] a<--b 3a|00|03|b4|04|00|0a
[0000195713] [DS:13|CON: NO] a<--b 3a|00|03|b4|04|00|0a
[0000200713] [DS:13|CON: NO] a<--b 3a|00|03|b4|04|00|0a
[0000201868] [DS:13|CON: NO] a-->b 3a|00|06|b3|03|30|00|64|32|0a
[0000205712] [DS:13|CON: NO] a<--b 3a|00|03|b4|04|00|0a
[0000210713] [DS:13|CON: NO] a<--b 3a|00|03|b4|04|00|0a
[0000215713] [DS:13|CON: NO] a<--b 3a|00|03|b4|04|00|0a
[0000220713] [DS:13|CON: NO] a<--b 3a|00|03|b4|04|00|0a
[0000225713] [DS:13|CON: NO] a<--b 3a|00|03|b4|04|00|0a
[0000230713] [DS:13|CON: NO] a<--b 3a|00|03|b4|04|00|0a
[0000235712] [DS:13|CON: NO] a<--b 3a|00|03|b4|04|00|0a
[0000240713] [DS:13|CON: NO] a<--b 3a|00|03|b4|04|00|0a
[0000245714] [DS:13|CON: NO] a<--b 3a|00|03|b4|04|00|0a
[0000250714] [DS:13|CON: NO] a<--b 3a|00|03|b4|04|00|0a
[0000251781] [DS:13|CON: NO] a<--b 3a|00|03|b4|00|00|0a
[0000251798] [DS:13|CON: NO] a-->b 3a|00|06|b3|05|33|01|64|32|0a
[0000253731] [DS:13|CON: NO] a<--b 3a|00|16|b2|05|00|12|00|00|06|00|0a|e2|99|92|99|92|f9|c0|07|00|00|ff|00|00|0a
7seg setting: seq(00)
[0000253749] [DS:13|CON: NO] a-->b 3a|00|0a|b2|06|00|06|00|00|06|00|01|00|0a
[0000255713] [DS:13|CON: NO] a<--b 3a|00|03|b4|04|00|0a
[0000257450] [DS:13|CON: NO] a<--b 3a|00|09|b2|05|00|05|01|00|01|00|00|0a
auth init: seq(01)
[0000257478] [DS:13|CON: NO] a-->b 3a|00|1a|b2|06|00|16|01|00|01|00|11|00|ff|a4|ab|bf|ff|a4|ab|bf|ff|a4|ab|bf|ff|a4|ab|bf|0a
[0000257558] [DS:13|CON: NO] a<--b 3a|00|4f|b2|05|00|4b|02|00|02|00|46|00|00|00|00|00|00|36|51|67|35|64|46|44|76|61|4c|63|35|56|42|63|64|56|67|5a|41|70|57|59|53|79|51|47|6c|39|4d|68|79|67|6e|0e|2e|62|fa|e5|ad|a2|76|e1|bd|94|2a|92|26|56|0b|ca|a7|d1|25|db|1c|29|e1|ba|bf|25|4c|36|3b|0a
[0000257597] [DS:13|CON: NO] a-->b 3a|00|18|b2|01|00|14|00|00|42|00|0f|90|78|56|34|12|89|67|45|23|01|23|00|00|00|00|0a
[0000257606] [DS:13|CON: NO] a-->b 3a|00|0b|b2|00|00|07|00|00|41|00|02|1f|07|0a
[0000257635] [DS:13|CON: NO] a-->b 3a|00|27|b2|0a|00|23|00|0f|00|00|1e|4b|6f|68|61|2e|2c|43|6f|20|20|53|41|56|4c|30|31|39|31|20|20|ff|00|00|a2|00|01|01|06|00|80|0a
[0000257644] [DS:13|CON: NO] a-->b 3a|00|0a|b2|06|00|06|02|00|02|00|01|00|0a
[0000257693] [DS:13|CON: NO] a<--b 3a|00|09|b2|08|00|05|03|00|08|00|00|0a
[0000257741] [DS:13|CON: NO] a-->b 3a|00|23|b2|07|00|1f|00|00|83|00|1a|80|26|00|00|00|00|00|00|00|00|00|00|00|00|00|00|00|00|00|00|00|00|00|00|00|00|0a
[0000257767] [DS:13|CON: NO] a-->b 3a|00|0a|b2|09|00|06|00|00|08|00|01|00|0a
[0000257783] [DS:13|CON: NO] a-->b 3a|00|15|b2|0a|00|11|00|24|f7|33|b1|d1|52|8f|92|2c|77|ce|41|dc|c7|7b|0a|0a
[0000257806] [DS:13|CON: NO] a<--b 3a|00|03|b4|01|13|0a
[0000257840] [DS:13|CON: NO] a-->b 3a|00|23|b2|07|00|1f|00|00|83|00|1a|80|00|00|00|00|00|00|00|00|00|00|00|00|00|00|00|00|00|00|00|00|00|00|00|00|00|0a
[0000257848] [DS:13|CON: NO] a-->b 3a|00|06|b3|03|30|01|64|32|0a
[0000257852] [DS:13|CON: NO] a-->b 3a|00|02|b2|00|0a
[0000257855] [DS:13|CON: NO] a-->b 3a|00|02|b2|01|0a
[0000257858] [DS:13|CON: NO] a-->b 3a|00|02|b2|06|0a
[0000257862] [DS:13|CON: NO] a-->b 3a|00|02|b2|07|0a
[0000257866] [DS:13|CON: NO] a-->b 3a|00|02|b2|03|0a
[0000257869] [DS:13|CON: NO] a-->b 3a|00|02|b2|04|0a
[0000257872] [DS:13|CON: NO] a-->b 3a|00|02|b2|0a|0a
[0000258219] [DS:13|CON: NO] a<--b 3a|00|03|b4|00|00|0a
[0000258233] [DS:13|CON: NO] a-->b 3a|00|06|b3|05|33|01|64|32|0a
[0000260164] [DS:13|CON: NO] a<--b 3a|00|16|b2|05|00|12|00|00|06|00|0a|e2|99|92|99|92|f9|c0|07|00|00|ff|00|00|0a
7seg setting: seq(00)
[0000260181] [DS:13|CON: NO] a-->b 3a|00|0a|b2|06|00|06|00|00|06|00|01|00|0a
[0000260713] [DS:13|CON: NO] a<--b 3a|00|03|b4|04|00|0a
[0000261348] [DS:13|CON: NO] a<--b 3a|00|09|b2|05|00|05|01|00|01|00|00|0a
auth init: seq(01)
[0000261376] [DS:13|CON: NO] a-->b 3a|00|1a|b2|06|00|16|01|00|01|00|11|00|e8|a4|97|3b|e8|a4|97|3b|53|76|29|c5|53|76|29|c5|0a
[0000261457] [DS:13|CON: NO] a<--b 3a|00|4f|b2|05|00|4b|02|00|02|00|46|00|00|00|00|00|00|36|51|67|35|64|46|44|76|61|4c|63|35|56|42|63|64|56|67|5a|41|70|57|59|53|79|51|47|6c|39|4d|68|79|19|99|06|3b|2a|55|ca|0a|1f|ac|ae|ed|04|49|98|8a|48|8c|c4|78|92|13|ba|90|0a|b7|c0|de|46|cd|49|4f|0a
[0000261495] [DS:13|CON: NO] a-->b 3a|00|18|b2|01|00|14|00|00|42|00|0f|90|78|56|34|12|89|67|45|23|01|23|00|00|00|00|0a
[0000261505] [DS:13|CON: NO] a-->b 3a|00|0b|b2|00|00|07|00|00|41|00|02|1f|07|0a
[0000261533] [DS:13|CON: NO] a-->b 3a|00|27|b2|0a|00|23|00|0f|00|00|1e|4b|6f|68|61|2e|2c|43|6f|20|20|53|41|56|4c|30|31|39|31|20|20|ff|00|00|a2|00|01|01|06|00|80|0a
[0000261542] [DS:13|CON: NO] a-->b 3a|00|0a|b2|06|00|06|02|00|02|00|01|00|0a
[0000261593] [DS:13|CON: NO] a<--b 3a|00|09|b2|08|00|05|03|00|08|00|00|0a
[0000261638] [DS:13|CON: NO] a-->b 3a|00|23|b2|07|00|1f|00|00|83|00|1a|80|5a|00|00|00|00|00|00|00|00|00|00|00|00|00|00|00|00|00|00|00|00|00|00|00|00|0a
[0000261663] [DS:13|CON: NO] a-->b 3a|00|0a|b2|09|00|06|00|00|08|00|01|00|0a
[0000261680] [DS:13|CON: NO] a-->b 3a|00|15|b2|0a|00|11|00|24|f7|33|b1|d1|52|8f|92|2c|77|ce|41|dc|c7|7b|0a|0a
[0000261686] [DS:13|CON: NO] a<--b 3a|00|03|b4|01|13|0a
[0000261722] [DS:13|CON: NO] a-->b 3a|00|23|b2|07|00|1f|00|00|83|00|1a|80|00|00|00|00|00|00|00|00|00|00|00|00|00|00|00|00|00|00|00|00|00|00|00|00|00|0a
[0000261730] [DS:13|CON: NO] a-->b 3a|00|06|b3|03|30|00|64|32|0a
[0000261734] [DS:13|CON: NO] a-->b 3a|00|02|b2|00|0a
[0000261737] [DS:13|CON: NO] a-->b 3a|00|02|b2|01|0a
[0000261741] [DS:13|CON: NO] a-->b 3a|00|02|b2|06|0a
[0000261745] [DS:13|CON: NO] a-->b 3a|00|02|b2|07|0a
[0000261749] [DS:13|CON: NO] a-->b 3a|00|02|b2|03|0a
[0000261752] [DS:13|CON: NO] a-->b 3a|00|02|b2|04|0a
[0000261756] [DS:13|CON: NO] a-->b 3a|00|02|b2|0a|0a
[0000261861] [DS:13|CON: NO] a-->b 3a|00|06|b3|03|30|00|64|32|0a
[0000262119] [DS:13|CON: NO] a<--b 3a|00|03|b4|00|00|0a
[0000262134] [DS:13|CON: NO] a-->b 3a|00|06|b3|05|33|00|64|32|0a
[0000264079] [DS:13|CON: NO] a<--b 3a|00|16|b2|05|00|12|00|00|06|00|0a|e2|99|92|99|92|f9|c0|07|00|00|ff|00|00|0a
7seg setting: seq(00)
[0000264095] [DS:13|CON: NO] a-->b 3a|00|0a|b2|06|00|06|00|00|06|00|01|00|0a
[0000265714] [DS:13|CON: NO] a<--b 3a|00|03|b4|04|00|0a
[0000266315] [DS:13|CON: NO] a<--b 3a|00|09|b2|05|00|05|01|00|01|00|00|0a
auth init: seq(01)
[0000266340] [DS:13|CON: NO] a-->b 3a|00|1a|b2|06|00|16|01|00|01|00|11|00|53|76|29|c5|85|f7|2b|f6|85|f7|2b|f6|3d|dc|4b|ff|0a
[0000266404] [DS:13|CON: NO] a<--b 3a|00|4f|b2|05|00|4b|02|00|02|00|46|00|00|00|00|00|00|36|51|67|35|64|46|44|76|61|4c|63|35|56|42|63|64|56|67|5a|41|70|57|59|53|79|51|47|6c|39|4d|68|79|c8|e9|46|15|9e|5b|18|56|a4|30|b7|39|21|e1|cd|c2|4f|0c|f5|30|93|15|db|a3|0a|8a|5c|bd|30|61|e2|89|0a
[0000266442] [DS:13|CON: NO] a-->b 3a|00|18|b2|01|00|14|00|00|42|00|0f|90|78|56|34|12|89|67|45|23|01|23|00|00|00|00|0a
[0000266450] [DS:13|CON: NO] a-->b 3a|00|0b|b2|00|00|07|00|00|41|00|02|1f|07|0a
[0000266479] [DS:13|CON: NO] a-->b 3a|00|27|b2|0a|00|23|00|0f|00|00|1e|4b|6f|68|61|2e|2c|43|6f|20|20|53|41|56|4c|30|31|39|31|20|20|ff|00|00|a2|00|01|01|06|00|80|0a
[0000266491] [DS:13|CON: NO] a-->b 3a|00|0a|b2|06|00|06|02|00|02|00|01|00|0a
[0000266559] [DS:13|CON: NO] a<--b 3a|00|09|b2|08|00|05|03|00|08|00|00|0a
[0000266583] [DS:13|CON: NO] a-->b 3a|00|23|b2|07|00|1f|00|00|83|00|1a|80|a4|00|00|00|00|00|00|00|00|00|00|00|00|00|00|00|00|00|00|00|00|00|00|00|00|0a
[0000266612] [DS:13|CON: NO] a-->b 3a|00|0a|b2|09|00|06|00|00|08|00|01|00|0a
[0000266630] [DS:13|CON: NO] a-->b 3a|00|15|b2|0a|00|11|00|24|f7|33|b1|d1|52|8f|92|2c|77|ce|41|dc|c7|7b|0a|0a
[0000266632] [DS:13|CON: NO] a<--b 3a|00|03|b4|01|13|0a
[0000266674] [DS:13|CON: NO] a-->b 3a|00|23|b2|07|00|1f|00|00|83|00|1a|80|00|00|00|00|00|00|00|00|00|00|00|00|00|00|00|00|00|00|00|00|00|00|00|00|00|0a
[0000266682] [DS:13|CON: NO] a-->b 3a|00|06|b3|03|30|00|64|32|0a
[0000266686] [DS:13|CON: NO] a-->b 3a|00|02|b2|00|0a
[0000266689] [DS:13|CON: NO] a-->b 3a|00|02|b2|01|0a
[0000266692] [DS:13|CON: NO] a-->b 3a|00|02|b2|06|0a
[0000266696] [DS:13|CON: NO] a-->b 3a|00|02|b2|07|0a
[0000266700] [DS:13|CON: NO] a-->b 3a|00|02|b2|03|0a
[0000266703] [DS:13|CON: NO] a-->b 3a|00|02|b2|04|0a
[0000266706] [DS:13|CON: NO] a-->b 3a|00|02|b2|0a|0a
[0000267791] [DS:13|CON: NO] a<--b 3a|00|03|b4|00|00|0a
[0000267806] [DS:13|CON: NO] a-->b 3a|00|06|b3|05|33|00|64|32|0a
[0000269776] [DS:13|CON: NO] a<--b 3a|00|16|b2|05|00|12|00|00|06|00|0a|e2|99|92|99|92|f9|c0|07|00|00|ff|00|00|0a
7seg setting: seq(00)
[0000269792] [DS:13|CON: NO] a-->b 3a|00|0a|b2|06|00|06|00|00|06|00|01|00|0a
[0000270450] [DS:13|CON: NO] a<--b 3a|00|09|b2|05|00|05|01|00|01|00|00|0a
auth init: seq(01)
[0000270476] [DS:13|CON: NO] a-->b 3a|00|1a|b2|06|00|16|01|00|01|00|11|00|3d|dc|4b|ff|f0|b4|64|19|de|2e|00|58|c6|90|3d|93|0a
[0000270539] [DS:13|CON: NO] a<--b 3a|00|4f|b2|05|00|4b|02|00|02|00|46|00|00|00|00|00|00|36|51|67|35|64|46|44|76|61|4c|63|35|56|42|63|64|56|67|5a|41|70|57|59|53|79|51|47|6c|39|4d|68|79|65|c0|d9|bd|69|57|e3|d7|9f|ca|8f|6e|8c|1c|91|fb|fb|ca|3c|89|10|a8|d4|ea|3e|1b|1c|d9|4f|9c|3c|7d|0a
[0000270576] [DS:13|CON: NO] a-->b 3a|00|18|b2|01|00|14|00|00|42|00|0f|90|78|56|34|12|89|67|45|23|01|23|00|00|00|00|0a
[0000270586] [DS:13|CON: NO] a-->b 3a|00|0b|b2|00|00|07|00|00|41|00|02|1f|07|0a
[0000270614] [DS:13|CON: NO] a-->b 3a|00|27|b2|0a|00|23|00|0f|00|00|1e|4b|6f|68|61|2e|2c|43|6f|20|20|53|41|56|4c|30|31|39|31|20|20|ff|00|00|a2|00|01|01|06|00|80|0a
[0000270623] [DS:13|CON: NO] a-->b 3a|00|0a|b2|06|00|06|02|00|02|00|01|00|0a
[0000270675] [DS:13|CON: NO] a<--b 3a|00|09|b2|08|00|05|03|00|08|00|00|0a
[0000270749] [DS:13|CON: NO] a-->b 3a|00|0a|b2|09|00|06|00|00|08|00|01|00|0a
[0000270765] [DS:13|CON: NO] a-->b 3a|00|15|b2|0a|00|11|00|24|f7|33|b1|d1|52|8f|92|2c|77|ce|41|dc|c7|7b|0a|0a
[0000270769] [DS:13|CON: NO] a<--b 3a|00|03|b4|01|13|0a
[0000270823] [DS:13|CON: NO] a-->b 3a|00|23|b2|07|00|1f|00|00|83|00|1a|80|00|00|00|00|00|00|00|00|00|00|00|00|00|00|00|00|00|00|00|00|00|00|00|00|00|0a
[0000270831] [DS:13|CON: NO] a-->b 3a|00|06|b3|03|30|00|64|32|0a
[0000270835] [DS:13|CON: NO] a-->b 3a|00|02|b2|00|0a
[0000270838] [DS:13|CON: NO] a-->b 3a|00|02|b2|01|0a
[0000270842] [DS:13|CON: NO] a-->b 3a|00|02|b2|06|0a
[0000270846] [DS:13|CON: NO] a-->b 3a|00|02|b2|07|0a
[0000270850] [DS:13|CON: NO] a-->b 3a|00|02|b2|03|0a
[0000270853] [DS:13|CON: NO] a-->b 3a|00|02|b2|04|0a
[0000270857] [DS:13|CON: NO] a-->b 3a|00|02|b2|0a|0a
[0000271066] [DS:13|CON: NO] a<--b 3a|00|03|b4|00|00|0a
[0000271082] [DS:13|CON: NO] a-->b 3a|00|06|b3|05|33|00|64|32|0a
[0000273024] [DS:13|CON: NO] a<--b 3a|00|16|b2|05|00|12|00|00|06|00|0a|e2|99|92|99|92|f9|c0|07|00|00|ff|00|00|0a
7seg setting: seq(00)
[0000273042] [DS:13|CON: NO] a-->b 3a|00|0a|b2|06|00|06|00|00|06|00|01|00|0a
[0000273668] [DS:13|CON: NO] a<--b 3a|00|09|b2|05|00|05|01|00|01|00|00|0a
auth init: seq(01)
[0000273693] [DS:13|CON: NO] a-->b 3a|00|1a|b2|06|00|16|01|00|01|00|11|00|c6|90|3d|93|e7|ec|66|b2|ac|40|8e|82|ac|40|8e|82|0a
[0000273758] [DS:13|CON: NO] a<--b 3a|00|4f|b2|05|00|4b|02|00|02|00|46|00|00|00|00|00|00|36|51|67|35|64|46|44|76|61|4c|63|35|56|42|63|64|56|67|5a|41|70|57|59|53|79|51|47|6c|39|4d|68|79|46|43|cb|23|f5|14|25|15|1e|10|73|6d|85|f5|61|20|27|eb|f9|b6|a2|fd|0a|b3|d7|4d|81|ec|2e|7a|87|1d|0a
[0000273796] [DS:13|CON: NO] a-->b 3a|00|18|b2|01|00|14|00|00|42|00|0f|90|78|56|34|12|89|67|45|23|01|23|00|00|00|00|0a
[0000273806] [DS:13|CON: NO] a-->b 3a|00|0b|b2|00|00|07|00|00|41|00|02|1f|07|0a
[0000273834] [DS:13|CON: NO] a-->b 3a|00|27|b2|0a|00|23|00|0f|00|00|1e|4b|6f|68|61|2e|2c|43|6f|20|20|53|41|56|4c|30|31|39|31|20|20|ff|00|00|a2|00|01|01|06|00|80|0a
[0000273843] [DS:13|CON: NO] a-->b 3a|00|0a|b2|06|00|06|02|00|02|00|01|00|0a
[0000273966] [DS:13|CON: NO] a-->b 3a|00|0a|b2|09|00|06|00|00|08|00|01|00|0a
[0000273982] [DS:13|CON: NO] a-->b 3a|00|15|b2|0a|00|11|00|24|f7|33|b1|d1|52|8f|92|2c|77|ce|41|dc|c7|7b|0a|0a
[0000274005] [DS:13|CON: NO] a<--b 3a|00|03|b4|01|13|0a
[0000274040] [DS:13|CON: NO] a-->b 3a|00|23|b2|07|00|1f|00|00|83|00|1a|80|00|00|00|00|00|00|00|00|00|00|00|00|00|00|00|00|00|00|00|00|00|00|00|00|00|0a
[0000274048] [DS:13|CON: NO] a-->b 3a|00|06|b3|03|30|00|64|32|0a
[0000274052] [DS:13|CON: NO] a-->b 3a|00|02|b2|00|0a
[0000274055] [DS:13|CON: NO] a-->b 3a|00|02|b2|01|0a
[0000274058] [DS:13|CON: NO] a-->b 3a|00|02|b2|06|0a
[0000274062] [DS:13|CON: NO] a-->b 3a|00|02|b2|07|0a
[0000274066] [DS:13|CON: NO] a-->b 3a|00|02|b2|03|0a
[0000274069] [DS:13|CON: NO] a-->b 3a|00|02|b2|04|0a
[0000274073] [DS:13|CON: NO] a-->b 3a|00|02|b2|0a|0a
[0000274339] [DS:13|CON: NO] a<--b 3a|00|03|b4|00|00|0a
[0000274354] [DS:13|CON: NO] a-->b 3a|00|06|b3|05|33|00|64|32|0a
[0000275714] [DS:13|CON: NO] a<--b 3a|00|03|b4|04|00|0a
[0000276311] [DS:13|CON: NO] a<--b 3a|00|16|b2|05|00|12|00|00|06|00|0a|e2|99|92|99|92|f9|c0|07|00|00|ff|00|00|0a
7seg setting: seq(00)
[0000276327] [DS:13|CON: NO] a-->b 3a|00|0a|b2|06|00|06|00|00|06|00|01|00|0a
[0000276914] [DS:13|CON: NO] a<--b 3a|00|09|b2|05|00|05|01|00|01|00|00|0a
auth init: seq(01)
[0000276938] [DS:13|CON: NO] a-->b 3a|00|1a|b2|06|00|16|01|00|01|00|11|00|ac|40|8e|82|4d|1c|0a|4a|88|77|82|30|54|6e|e4|01|0a
[0000277003] [DS:13|CON: NO] a<--b 3a|00|4f|b2|05|00|4b|02|00|02|00|46|00|00|00|00|00|00|36|51|67|35|64|46|44|76|61|4c|63|35|56|42|63|64|56|67|5a|41|70|57|59|53|79|51|47|6c|39|4d|68|79|81|b6|dd|39|32|87|5b|49|a1|98|33|da|ab|24|d8|a2|94|8d|f3|b2|b3|73|70|0c|2d|03|70|c5|92|4e|63|46|0a
[0000277043] [DS:13|CON: NO] a-->b 3a|00|18|b2|01|00|14|00|00|42|00|0f|90|78|56|34|12|89|67|45|23|01|23|00|00|00|00|0a
[0000277051] [DS:13|CON: NO] a-->b 3a|00|0b|b2|00|00|07|00|00|41|00|02|1f|07|0a
[0000277080] [DS:13|CON: NO] a-->b 3a|00|27|b2|0a|00|23|00|0f|00|00|1e|4b|6f|68|61|2e|2c|43|6f|20|20|53|41|56|4c|30|31|39|31|20|20|ff|00|00|a2|00|01|01|06|00|80|0a
[0000277091] [DS:13|CON: NO] a-->b 3a|00|0a|b2|06|00|06|02|00|02|00|01|00|0a
[0000277139] [DS:13|CON: NO] a<--b 3a|00|09|b2|08|00|05|03|00|08|00|00|0a
[0000277179] [DS:13|CON: NO] a-->b 3a|00|23|b2|07|00|1f|00|00|83|00|1a|80|fc|00|00|00|00|00|00|00|00|00|00|00|00|00|00|00|00|00|00|00|00|00|00|00|00|0a
[0000277205] [DS:13|CON: NO] a-->b 3a|00|0a|b2|09|00|06|00|00|08|00|01|00|0a
[0000277230] [DS:13|CON: NO] a-->b 3a|00|15|b2|0a|00|11|00|24|f7|33|b1|d1|52|8f|92|2c|77|ce|41|dc|c7|7b|0a|0a
[0000277250] [DS:13|CON: NO] a<--b 3a|00|03|b4|01|13|0a
[0000277286] [DS:13|CON: NO] a-->b 3a|00|23|b2|07|00|1f|00|00|83|00|1a|80|00|00|00|00|00|00|00|00|00|00|00|00|00|00|00|00|00|00|00|00|00|00|00|00|00|0a
[0000277294] [DS:13|CON: NO] a-->b 3a|00|06|b3|03|30|00|64|32|0a
[0000277298] [DS:13|CON: NO] a-->b 3a|00|02|b2|00|0a
[0000277300] [DS:13|CON: NO] a-->b 3a|00|02|b2|01|0a
[0000277303] [DS:13|CON: NO] a-->b 3a|00|02|b2|06|0a
[0000277307] [DS:13|CON: NO] a-->b 3a|00|02|b2|07|0a
[0000277312] [DS:13|CON: NO] a-->b 3a|00|02|b2|03|0a
[0000277314] [DS:13|CON: NO] a-->b 3a|00|02|b2|04|0a
[0000277317] [DS:13|CON: NO] a-->b 3a|00|02|b2|0a|0a
[0000277472] [DS:13|CON: NO] a<--b 3a|00|03|b4|00|00|0a
[0000277486] [DS:13|CON: NO] a-->b 3a|00|06|b3|05|33|00|64|32|0a
[0000279480] [DS:13|CON: NO] a<--b 3a|00|16|b2|05|00|12|00|00|06|00|0a|e2|99|92|99|92|f9|c0|07|00|00|ff|00|00|0a
7seg setting: seq(00)
[0000279496] [DS:13|CON: NO] a-->b 3a|00|0a|b2|06|00|06|00|00|06|00|01|00|0a
[0000280115] [DS:13|CON: NO] a<--b 3a|00|09|b2|05|00|05|01|00|01|00|00|0a
auth init: seq(01)
[0000280141] [DS:13|CON: NO] a-->b 3a|00|1a|b2|06|00|16|01|00|01|00|11|00|54|6e|e4|01|db|39|4c|30|e1|73|85|dd|34|c0|23|6d|0a
[0000280223] [DS:13|CON: NO] a<--b 3a|00|4f|b2|05|00|4b|02|00|02|00|46|00|00|00|00|00|00|36|51|67|35|64|46|44|76|61|4c|63|35|56|42|63|64|56|67|5a|41|70|57|59|53|79|51|47|6c|39|4d|68|79|b1|4b|5c|b7|e6|f8|aa|92|7e|d5|08|67|23|2c|b2|8b|ce|87|5d|93|4f|a7|b5|75|27|4c|d7|ac|f6|d0|4e|aa|0a
[0000280262] [DS:13|CON: NO] a-->b 3a|00|18|b2|01|00|14|00|00|42|00|0f|90|78|56|34|12|89|67|45|23|01|23|00|00|00|00|0a
[0000280270] [DS:13|CON: NO] a-->b 3a|00|0b|b2|00|00|07|00|00|41|00|02|1f|07|0a
[0000280300] [DS:13|CON: NO] a-->b 3a|00|27|b2|0a|00|23|00|0f|00|00|1e|4b|6f|68|61|2e|2c|43|6f|20|20|53|41|56|4c|30|31|39|31|20|20|ff|00|00|a2|00|01|01|06|00|80|0a
[0000280310] [DS:13|CON: NO] a-->b 3a|00|0a|b2|06|00|06|02|00|02|00|01|00|0a
[0000280359] [DS:13|CON: NO] a<--b 3a|00|09|b2|08|00|05|03|00|08|00|00|0a
[0000280401] [DS:13|CON: NO] a-->b 3a|00|23|b2|07|00|1f|00|00|83|00|1a|80|8a|00|00|00|00|00|00|00|00|00|00|00|00|00|00|00|00|00|00|00|00|00|00|00|00|0a
[0000280427] [DS:13|CON: NO] a-->b 3a|00|0a|b2|09|00|06|00|00|08|00|01|00|0a
[0000280487] [DS:13|CON: NO] a-->b 3a|00|23|b2|07|00|1f|00|00|83|00|1a|80|00|00|00|00|00|00|00|00|00|00|00|00|00|00|00|00|00|00|00|00|00|00|00|00|00|0a
[0000280496] [DS:13|CON: NO] a-->b 3a|00|06|b3|03|30|00|64|32|0a
[0000280500] [DS:13|CON: NO] a-->b 3a|00|02|b2|00|0a
[0000280502] [DS:13|CON: NO] a-->b 3a|00|02|b2|01|0a
[0000280505] [DS:13|CON: NO] a-->b 3a|00|02|b2|06|0a
[0000280509] [DS:13|CON: NO] a-->b 3a|00|02|b2|07|0a
[0000280513] [DS:13|CON: NO] a-->b 3a|00|02|b2|03|0a
[0000280516] [DS:13|CON: NO] a-->b 3a|00|02|b2|04|0a
[0000280519] [DS:13|CON: NO] a-->b 3a|00|02|b2|0a|0a
[0000280714] [DS:13|CON: NO] a<--b 3a|00|03|b4|04|00|0a
[0000280772] [DS:13|CON: NO] a<--b 3a|00|03|b4|00|00|0a
[0000280788] [DS:13|CON: NO] a-->b 3a|00|06|b3|05|33|00|64|32|0a
[0000282724] [DS:13|CON: NO] a<--b 3a|00|16|b2|05|00|12|00|00|06|00|0a|e2|99|92|99|92|f9|c0|07|00|00|ff|00|00|0a
7seg setting: seq(00)
[0000282740] [DS:13|CON: NO] a-->b 3a|00|0a|b2|06|00|06|00|00|06|00|01|00|0a
[0000283357] [DS:13|CON: NO] a<--b 3a|00|09|b2|05|00|05|01|00|01|00|00|0a
auth init: seq(01)
[0000283381] [DS:13|CON: NO] a-->b 3a|00|1a|b2|06|00|16|01|00|01|00|11|00|34|c0|23|6d|b1|56|ad|5f|eb|56|a5|37|eb|56|a5|37|0a
[0000283464] [DS:13|CON: NO] a<--b 3a|00|4f|b2|05|00|4b|02|00|02|00|46|00|00|00|00|00|00|36|51|67|35|64|46|44|76|61|4c|63|35|56|42|63|64|56|67|5a|41|70|57|59|53|79|51|47|6c|39|4d|68|79|ce|7a|26|80|e4|8d|f7|e1|71|88|d5|bd|3f|0a|7a|08|46|f5|97|60|ff|bd|7d|a6|d6|4d|e4|55|d9|de|47|d2|0a
[0000283503] [DS:13|CON: NO] a-->b 3a|00|18|b2|01|00|14|00|00|42|00|0f|90|78|56|34|12|89|67|45|23|01|23|00|00|00|00|0a
[0000283511] [DS:13|CON: NO] a-->b 3a|00|0b|b2|00|00|07|00|00|41|00|02|1f|07|0a
[0000283541] [DS:13|CON: NO] a-->b 3a|00|27|b2|0a|00|23|00|0f|00|00|1e|4b|6f|68|61|2e|2c|43|6f|20|20|53|41|56|4c|30|31|39|31|20|20|ff|00|00|a2|00|01|01|06|00|80|0a
[0000283551] [DS:13|CON: NO] a-->b 3a|00|0a|b2|06|00|06|02|00|02|00|01|00|0a
[0000283686] [DS:13|CON: NO] a-->b 3a|00|15|b2|0a|00|11|00|24|f7|33|b1|d1|52|8f|92|2c|77|ce|41|dc|c7|7b|0a|0a
[0000283711] [DS:13|CON: NO] a<--b 3a|00|03|b4|01|13|0a
[0000283748] [DS:13|CON: NO] a-->b 3a|00|23|b2|07|00|1f|00|00|83|00|1a|80|00|00|00|00|00|00|00|00|00|00|00|00|00|00|00|00|00|00|00|00|00|00|00|00|00|0a
[0000283756] [DS:13|CON: NO] a-->b 3a|00|06|b3|03|30|00|64|32|0a
[0000283760] [DS:13|CON: NO] a-->b 3a|00|02|b2|00|0a
[0000283762] [DS:13|CON: NO] a-->b 3a|00|02|b2|01|0a
[0000283765] [DS:13|CON: NO] a-->b 3a|00|02|b2|06|0a
[0000283769] [DS:13|CON: NO] a-->b 3a|00|02|b2|07|0a
[0000283774] [DS:13|CON: NO] a-->b 3a|00|02|b2|03|0a
[0000283776] [DS:13|CON: NO] a-->b 3a|00|02|b2|04|0a
[0000283779] [DS:13|CON: NO] a-->b 3a|00|02|b2|0a|0a
[0000284169] [DS:13|CON: NO] a<--b 3a|00|03|b4|00|00|0a
[0000284185] [DS:13|CON: NO] a-->b 3a|00|06|b3|05|33|00|64|32|0a
[0000285714] [DS:13|CON: NO] a<--b 3a|00|03|b4|04|00|0a
[0000286090] [DS:13|CON: NO] a<--b 3a|00|16|b2|05|00|12|00|00|06|00|0a|e2|99|92|99|92|f9|c0|07|00|00|ff|00|00|0a
7seg setting: seq(00)
[0000286108] [DS:13|CON: NO] a-->b 3a|00|0a|b2|06|00|06|00|00|06|00|01|00|0a
[0000286735] [DS:13|CON: NO] a<--b 3a|00|09|b2|05|00|05|01|00|01|00|00|0a
auth init: seq(01)
[0000286760] [DS:13|CON: NO] a-->b 3a|00|1a|b2|06|00|16|01|00|01|00|11|00|42|9c|a6|44|1c|2e|82|59|1c|2e|82|59|6c|86|c1|3c|0a
[0000286825] [DS:13|CON: NO] a<--b 3a|00|4f|b2|05|00|4b|02|00|02|00|46|00|00|00|00|00|00|36|51|67|35|64|46|44|76|61|4c|63|35|56|42|63|64|56|67|5a|41|70|57|59|53|79|51|47|6c|39|4d|68|79|14|5c|06|8b|2e|5d|21|3c|f3|05|b1|e5|08|3b|a8|47|a4|f7|0a|a9|95|f8|e0|12|1a|58|a9|d7|ae|34|12|cf|0a
[0000286864] [DS:13|CON: NO] a-->b 3a|00|18|b2|01|00|14|00|00|42|00|0f|90|78|56|34|12|89|67|45|23|01|23|00|00|00|00|0a
[0000286874] [DS:13|CON: NO] a-->b 3a|00|0b|b2|00|00|07|00|00|41|00|02|1f|07|0a
[0000286901] [DS:13|CON: NO] a-->b 3a|00|27|b2|0a|00|23|00|0f|00|00|1e|4b|6f|68|61|2e|2c|43|6f|20|20|53|41|56|4c|30|31|39|31|20|20|ff|00|00|a2|00|01|01|06|00|80|0a
[0000286913] [DS:13|CON: NO] a-->b 3a|00|0a|b2|06|00|06|02|00|02|00|01|00|0a
[0000286959] [DS:13|CON: NO] a<--b 3a|00|09|b2|08|00|05|03|00|08|00|00|0a
[0000287002] [DS:13|CON: NO] a-->b 3a|00|23|b2|07|00|1f|00|00|83|00|1a|80|4a|00|00|00|00|00|00|00|00|00|00|00|00|00|00|00|00|00|00|00|00|00|00|00|00|0a
[0000287031] [DS:13|CON: NO] a-->b 3a|00|0a|b2|09|00|06|00|00|08|00|01|00|0a
[0000287047] [DS:13|CON: NO] a-->b 3a|00|15|b2|0a|00|11|00|24|f7|33|b1|d1|52|8f|92|2c|77|ce|41|dc|c7|7b|0a|0a
[0000287072] [DS:13|CON: NO] a<--b 3a|00|03|b4|01|13|0a
[0000287107] [DS:13|CON: NO] a-->b 3a|00|23|b2|07|00|1f|00|00|83|00|1a|80|00|00|00|00|00|00|00|00|00|00|00|00|00|00|00|00|00|00|00|00|00|00|00|00|00|0a
[0000287115] [DS:13|CON: NO] a-->b 3a|00|06|b3|03|30|00|64|32|0a
[0000287119] [DS:13|CON: NO] a-->b 3a|00|02|b2|00|0a
[0000287122] [DS:13|CON: NO] a-->b 3a|00|02|b2|01|0a
[0000287125] [DS:13|CON: NO] a-->b 3a|00|02|b2|06|0a
[0000287129] [DS:13|CON: NO] a-->b 3a|00|02|b2|07|0a
[0000287133] [DS:13|CON: NO] a-->b 3a|00|02|b2|03|0a
[0000287136] [DS:13|CON: NO] a-->b 3a|00|02|b2|04|0a
[0000287139] [DS:13|CON: NO] a-->b 3a|00|02|b2|0a|0a
[0000290714] [DS:13|CON: NO] a<--b 3a|00|03|b4|04|00|0a
[0000295714] [DS:13|CON: NO] a<--b 3a|00|03|b4|04|00|0a
[0000300713] [DS:13|CON: NO] a<--b 3a|00|03|b4|04|00|0a
[0000305714] [DS:13|CON: NO] a<--b 3a|00|03|b4|04|00|0a
[0000310715] [DS:13|CON: NO] a<--b 3a|00|03|b4|04|00|0a
[0000315715] [DS:13|CON: NO] a<--b 3a|00|03|b4|04|00|0a
[0000320714] [DS:13|CON: NO] a<--b 3a|00|03|b4|04|00|0a
[0000321879] [DS:13|CON: NO] a-->b 3a|00|06|b3|03|30|00|64|32|0a
[0000325714] [DS:13|CON: NO] a<--b 3a|00|03|b4|04|00|0a
[0000330715] [DS:13|CON: NO] a<--b 3a|00|03|b4|04|00|0a
[0000335714] [DS:13|CON: NO] a<--b 3a|00|03|b4|04|00|0a
[0000340714] [DS:13|CON: NO] a<--b 3a|00|03|b4|04|00|0a
[0000345715] [DS:13|CON: NO] a<--b 3a|00|03|b4|04|00|0a
[0000350714] [DS:13|CON: NO] a<--b 3a|00|03|b4|04|00|0a
[0000355715] [DS:13|CON: NO] a<--b 3a|00|03|b4|04|00|0a
[0000360715] [DS:13|CON: NO] a<--b 3a|00|03|b4|04|00|0a
[0000365714] [DS:13|CON: NO] a<--b 3a|00|03|b4|04|00|0a
[0000370715] [DS:13|CON: NO] a<--b 3a|00|03|b4|04|00|0a
[0000375715] [DS:13|CON: NO] a<--b 3a|00|03|b4|04|00|0a
[0000380716] [DS:13|CON: NO] a<--b 3a|00|03|b4|04|00|0a
[0000381878] [DS:13|CON: NO] a-->b 3a|00|06|b3|03|30|00|64|32|0a
[0000385715] [DS:13|CON: NO] a<--b 3a|00|03|b4|04|00|0a
[0000390715] [DS:13|CON: NO] a<--b 3a|00|03|b4|04|00|0a
[0000395716] [DS:13|CON: NO] a<--b 3a|00|03|b4|04|00|0a
[0000400715] [DS:13|CON: NO] a<--b 3a|00|03|b4|04|00|0a
[0000405715] [DS:13|CON: NO] a<--b 3a|00|03|b4|04|00|0a
[0000410714] [DS:13|CON: NO] a<--b 3a|00|03|b4|04|00|0a
[0000415715] [DS:13|CON: NO] a<--b 3a|00|03|b4|04|00|0a
[0000420716] [DS:13|CON: NO] a<--b 3a|00|03|b4|04|00|0a
[0000425716] [DS:13|CON: NO] a<--b 3a|00|03|b4|04|00|0a
[0000430715] [DS:13|CON: NO] a<--b 3a|00|03|b4|04|00|0a
[0000435715] [DS:13|CON: NO] a<--b 3a|00|03|b4|04|00|0a
[0000440716] [DS:13|CON: NO] a<--b 3a|00|03|b4|04|00|0a
[0000441895] [DS:13|CON: NO] a-->b 3a|00|06|b3|03|30|00|64|32|0a
[0000445715] [DS:13|CON: NO] a<--b 3a|00|03|b4|04|00|0a
[0000450716] [DS:13|CON: NO] a<--b 3a|00|03|b4|04|00|0a
[0000455716] [DS:13|CON: NO] a<--b 3a|00|03|b4|04|00|0a
[0000460717] [DS:13|CON: NO] a<--b 3a|00|03|b4|04|00|0a
[0000465716] [DS:13|CON: NO] a<--b 3a|00|03|b4|04|00|0a
[0000470716] [DS:13|CON: NO] a<--b 3a|00|03|b4|04|00|0a
[0000475716] [DS:13|CON: NO] a<--b 3a|00|03|b4|04|00|0a
[0000480716] [DS:13|CON: NO] a<--b 3a|00|03|b4|04|00|0a
[0000485716] [DS:13|CON: NO] a<--b 3a|00|03|b4|04|00|0a
[0000490717] [DS:13|CON: NO] a<--b 3a|00|03|b4|04|00|0a
[0000495716] [DS:13|CON: NO] a<--b 3a|00|03|b4|04|00|0a
[0000500716] [DS:13|CON: NO] a<--b 3a|00|03|b4|04|00|0a
[0000501891] [DS:13|CON: NO] a-->b 3a|00|06|b3|03|30|00|64|32|0a
[0000505717] [DS:13|CON: NO] a<--b 3a|00|03|b4|04|00|0a
[0000510717] [DS:13|CON: NO] a<--b 3a|00|03|b4|04|00|0a
[0000515716] [DS:13|CON: NO] a<--b 3a|00|03|b4|04|00|0a
[0000520717] [DS:13|CON: NO] a<--b 3a|00|03|b4|04|00|0a
[0000525718] [DS:13|CON: NO] a<--b 3a|00|03|b4|04|00|0a
[0000530717] [DS:13|CON: NO] a<--b 3a|00|03|b4|04|00|0a
[0000535717] [DS:13|CON: NO] a<--b 3a|00|03|b4|04|00|0a
[0000540717] [DS:13|CON: NO] a<--b 3a|00|03|b4|04|00|0a
[0000545718] [DS:13|CON: NO] a<--b 3a|00|03|b4|04|00|0a
[0000550717] [DS:13|CON: NO] a<--b 3a|00|03|b4|04|00|0a
[0000555717] [DS:13|CON: NO] a<--b 3a|00|03|b4|04|00|0a
[0000560718] [DS:13|CON: NO] a<--b 3a|00|03|b4|04|00|0a
[0000561907] [DS:13|CON: NO] a-->b 3a|00|06|b3|03|30|00|64|32|0a
[0000565717] [DS:13|CON: NO] a<--b 3a|00|03|b4|04|00|0a
[0000570718] [DS:13|CON: NO] a<--b 3a|00|03|b4|04|00|0a
[0000575718] [DS:13|CON: NO] a<--b 3a|00|03|b4|04|00|0a
[0000580717] [DS:13|CON: NO] a<--b 3a|00|03|b4|04|00|0a
[0000585717] [DS:13|CON: NO] a<--b 3a|00|03|b4|04|00|0a
[0000590718] [DS:13|CON: NO] a<--b 3a|00|03|b4|04|00|0a
[0000595719] [DS:13|CON: NO] a<--b 3a|00|03|b4|04|00|0a
[0000600718] [DS:13|CON: NO] a<--b 3a|00|03|b4|04|00|0a
[0000605718] [DS:13|CON: NO] a<--b 3a|00|03|b4|04|00|0a
[0000610719] [DS:13|CON: NO] a<--b 3a|00|03|b4|04|00|0a
[0000615718] [DS:13|CON: NO] a<--b 3a|00|03|b4|04|00|0a
[0000620718] [DS:13|CON: NO] a<--b 3a|00|03|b4|04|00|0a
[0000621906] [DS:13|CON: NO] a-->b 3a|00|06|b3|03|30|00|64|32|0a
[0000625717] [DS:13|CON: NO] a<--b 3a|00|03|b4|04|00|0a
[0000630718] [DS:13|CON: NO] a<--b 3a|00|03|b4|04|00|0a
[0000633931] [DS:13|CON: NO] a<--b 3a|00|03|b4|00|00|0a
[0000633947] [DS:13|CON: NO] a-->b 3a|00|06|b3|05|33|01|64|32|0a
[0000635719] [DS:13|CON: NO] a<--b 3a|00|03|b4|04|00|0a
[0000635911] [DS:13|CON: NO] a<--b 3a|00|16|b2|05|00|12|00|00|06|00|0a|e2|99|92|99|92|f9|c0|07|00|00|ff|00|00|0a
7seg setting: seq(00)
[0000635928] [DS:13|CON: NO] a-->b 3a|00|0a|b2|06|00|06|00|00|06|00|01|00|0a
[0000637022] [DS:13|CON: NO] a<--b 3a|00|09|b2|05|00|05|01|00|01|00|00|0a
auth init: seq(01)
[0000637047] [DS:13|CON: NO] a-->b 3a|00|1a|b2|06|00|16|01|00|01|00|11|00|6c|86|c1|3c|bf|f3|6e|0a|bf|f3|6e|0a|8c|b9|e1|c2|0a
[0000637112] [DS:13|CON: NO] a<--b 3a|00|4f|b2|05|00|4b|02|00|02|00|46|00|00|00|00|00|00|36|51|67|35|64|46|44|76|61|4c|63|35|56|42|63|64|56|67|5a|41|70|57|59|53|79|51|47|6c|39|4d|68|79|d4|69|8d|20|80|f0|e0|9c|00|f0|b6|01|31|be|89|35|2d|f4|fb|da|7e|c2|a2|ac|94|01|f2|53|6a|e7|d9|99|0a
[0000637149] [DS:13|CON: NO] a-->b 3a|00|18|b2|01|00|14|00|00|42|00|0f|90|78|56|34|12|89|67|45|23|01|23|00|00|00|00|0a
[0000637159] [DS:13|CON: NO] a-->b 3a|00|0b|b2|00|00|07|00|00|41|00|02|1f|07|0a
[0000637187] [DS:13|CON: NO] a-->b 3a|00|27|b2|0a|00|23|00|0f|00|00|1e|4b|6f|68|61|2e|2c|43|6f|20|20|53|41|56|4c|30|31|39|31|20|20|ff|00|00|a2|00|01|01|06|00|80|0a
[0000637195] [DS:13|CON: NO] a-->b 3a|00|0a|b2|06|00|06|02|00|02|00|01|00|0a
[0000637246] [DS:13|CON: NO] a<--b 3a|00|09|b2|08|00|05|03|00|08|00|00|0a
[0000637289] [DS:13|CON: NO] a-->b 3a|00|23|b2|07|00|1f|00|00|83|00|1a|80|71|55|1f|00|71|55|1f|00|41|04|46|00|00|00|00|00|71|55|1f|00|00|00|00|00|71|0a
[0000637315] [DS:13|CON: NO] a-->b 3a|00|0a|b2|09|00|06|00|00|08|00|01|00|0a
[0000637331] [DS:13|CON: NO] a-->b 3a|00|15|b2|0a|00|11|00|24|f7|33|b1|d1|52|8f|92|2c|77|ce|41|dc|c7|7b|0a|0a
[0000637340] [DS:13|CON: NO] a<--b 3a|00|03|b4|01|13|0a
[0000637375] [DS:13|CON: NO] a-->b 3a|00|23|b2|07|00|1f|00|00|83|00|1a|80|00|00|00|00|00|00|00|00|00|00|00|00|00|00|00|00|00|00|00|00|00|00|00|00|00|0a
[0000637383] [DS:13|CON: NO] a-->b 3a|00|06|b3|03|30|01|64|32|0a
[0000637387] [DS:13|CON: NO] a-->b 3a|00|02|b2|00|0a
[0000637390] [DS:13|CON: NO] a-->b 3a|00|02|b2|01|0a
[0000637393] [DS:13|CON: NO] a-->b 3a|00|02|b2|06|0a
[0000637397] [DS:13|CON: NO] a-->b 3a|00|02|b2|07|0a
[0000637401] [DS:13|CON: NO] a-->b 3a|00|02|b2|03|0a
[0000637404] [DS:13|CON: NO] a-->b 3a|00|02|b2|04|0a
[0000637408] [DS:13|CON: NO] a-->b 3a|00|02|b2|0a|0a
[0000637679] [DS:13|CON: NO] a<--b 3a|00|03|b4|00|00|0a
[0000637694] [DS:13|CON: NO] a-->b 3a|00|06|b3|05|33|01|64|32|0a
[0000640718] [DS:13|CON: NO] a<--b 3a|00|03|b4|04|00|0a
[0000642726] [DS:13|CON: NO] a<--b 3a|00|16|b2|05|00|12|00|00|06|00|0a|e2|99|92|99|92|f9|c0|07|00|00|ff|00|00|0a
7seg setting: seq(00)
[0000642744] [DS:13|CON: NO] a-->b 3a|00|0a|b2|06|00|06|00|00|06|00|01|00|0a
[0000643649] [DS:13|CON: NO] a<--b 3a|00|09|b2|05|00|05|01|00|01|00|00|0a
auth init: seq(01)
[0000643675] [DS:13|CON: NO] a-->b 3a|00|1a|b2|06|00|16|01|00|01|00|11|00|2f|5e|b8|2b|2f|5e|b8|2b|22|bf|e2|07|22|bf|e2|07|0a
[0000643761] [DS:13|CON: NO] a<--b 3a|00|4f|b2|05|00|4b|02|00|02|00|46|00|00|00|00|00|00|36|51|67|35|64|46|44|76|61|4c|63|35|56|42|63|64|56|67|5a|41|70|57|59|53|79|51|47|6c|39|4d|68|79|c5|52|c6|cb|4b|ab|2b|2a|aa|22|57|d7|f9|93|04|bd|34|7b|fd|38|b4|bd|a8|ce|9c|50|50|d8|af|e1|08|3a|0a
[0000643802] [DS:13|CON: NO] a-->b 3a|00|18|b2|01|00|14|00|00|42|00|0f|90|78|56|34|12|89|67|45|23|01|23|00|00|00|00|0a
[0000643810] [DS:13|CON: NO] a-->b 3a|00|0b|b2|00|00|07|00|00|41|00|02|1f|07|0a
[0000643838] [DS:13|CON: NO] a-->b 3a|00|27|b2|0a|00|23|00|0f|00|00|1e|4b|6f|68|61|2e|2c|43|6f|20|20|53|41|56|4c|30|31|39|31|20|20|ff|00|00|a2|00|01|01|06|00|80|0a
[0000643850] [DS:13|CON: NO] a-->b 3a|00|0a|b2|06|00|06|02|00|02|00|01|00|0a
[0000643966] [DS:13|CON: NO] a-->b 3a|00|0a|b2|09|00|06|00|00|08|00|01|00|0a
[0000643983] [DS:13|CON: NO] a-->b 3a|00|15|b2|0a|00|11|00|24|f7|33|b1|d1|52|8f|92|2c|77|ce|41|dc|c7|7b|0a|0a
[0000644044] [DS:13|CON: NO] a<--b 3a|00|03|b4|01|13|0a
[0000644078] [DS:13|CON: NO] a-->b 3a|00|23|b2|07|00|1f|00|00|83|00|1a|80|00|00|00|00|00|00|00|00|00|00|00|00|00|00|00|00|00|00|00|00|00|00|00|00|00|0a
[0000644086] [DS:13|CON: NO] a-->b 3a|00|06|b3|03|30|00|64|32|0a
[0000644090] [DS:13|CON: NO] a-->b 3a|00|02|b2|00|0a
[0000644092] [DS:13|CON: NO] a-->b 3a|00|02|b2|01|0a
[0000644095] [DS:13|CON: NO] a-->b 3a|00|02|b2|06|0a
[0000644100] [DS:13|CON: NO] a-->b 3a|00|02|b2|07|0a
[0000644104] [DS:13|CON: NO] a-->b 3a|00|02|b2|03|0a
[0000644106] [DS:13|CON: NO] a-->b 3a|00|02|b2|04|0a
[0000644109] [DS:13|CON: NO] a-->b 3a|00|02|b2|0a|0a
[0000644274] [DS:13|CON: NO] a<--b 3a|00|03|b4|00|00|0a
[0000644288] [DS:13|CON: NO] a-->b 3a|00|06|b3|05|33|00|64|32|0a
[0000645718] [DS:13|CON: NO] a<--b 3a|00|03|b4|04|00|0a
[0000646245] [DS:13|CON: NO] a<--b 3a|00|16|b2|05|00|12|00|00|06|00|0a|e2|99|92|99|92|f9|c0|07|00|00|ff|00|00|0a
7seg setting: seq(00)
[0000646261] [DS:13|CON: NO] a-->b 3a|00|0a|b2|06|00|06|00|00|06|00|01|00|0a
[0000646888] [DS:13|CON: NO] a<--b 3a|00|09|b2|05|00|05|01|00|01|00|00|0a
auth init: seq(01)
[0000646913] [DS:13|CON: NO] a-->b 3a|00|1a|b2|06|00|16|01|00|01|00|11|00|22|bf|e2|07|fc|64|19|19|fc|64|19|19|1d|b8|48|7d|0a
[0000646976] [DS:13|CON: NO] a<--b 3a|00|4f|b2|05|00|4b|02|00|02|00|46|00|00|00|00|00|00|36|51|67|35|64|46|44|76|61|4c|63|35|56|42|63|64|56|67|5a|41|70|57|59|53|79|51|47|6c|39|4d|68|79|4a|0f|5f|1b|4b|fe|5e|e7|02|83|5e|54|b3|c0|11|1a|5c|7e|2f|b4|f2|fd|65|ad|d6|11|d1|19|81|28|c3|2d|0a
[0000647012] [DS:13|CON: NO] a-->b 3a|00|18|b2|01|00|14|00|00|42|00|0f|90|78|56|34|12|89|67|45|23|01|23|00|00|00|00|0a
[0000647023] [DS:13|CON: NO] a-->b 3a|00|0b|b2|00|00|07|00|00|41|00|02|1f|07|0a
[0000647051] [DS:13|CON: NO] a-->b 3a|00|27|b2|0a|00|23|00|0f|00|00|1e|4b|6f|68|61|2e|2c|43|6f|20|20|53|41|56|4c|30|31|39|31|20|20|ff|00|00|a2|00|01|01|06|00|80|0a
[0000647059] [DS:13|CON: NO] a-->b 3a|00|0a|b2|06|00|06|02|00|02|00|01|00|0a
[0000647112] [DS:13|CON: NO] a<--b 3a|00|09|b2|08|00|05|03|00|08|00|00|0a
[0000647156] [DS:13|CON: NO] a-->b 3a|00|23|b2|07|00|1f|00|00|83|00|1a|80|ea|00|00|00|00|00|00|00|00|00|00|00|00|00|00|00|00|00|00|00|00|00|00|00|00|0a
[0000647182] [DS:13|CON: NO] a-->b 3a|00|0a|b2|09|00|06|00|00|08|00|01|00|0a
[0000647198] [DS:13|CON: NO] a-->b 3a|00|15|b2|0a|00|11|00|24|f7|33|b1|d1|52|8f|92|2c|77|ce|41|dc|c7|7b|0a|0a
[0000647206] [DS:13|CON: NO] a<--b 3a|00|03|b4|01|13|0a
[0000647242] [DS:13|CON: NO] a-->b 3a|00|23|b2|07|00|1f|00|00|83|00|1a|80|00|00|00|00|00|00|00|00|00|00|00|00|00|00|00|00|00|00|00|00|00|00|00|00|00|0a
[0000647249] [DS:13|CON: NO] a-->b 3a|00|06|b3|03|30|00|64|32|0a
[0000647253] [DS:13|CON: NO] a-->b 3a|00|02|b2|00|0a
[0000647256] [DS:13|CON: NO] a-->b 3a|00|02|b2|01|0a
[0000647259] [DS:13|CON: NO] a-->b 3a|00|02|b2|06|0a
[0000647263] [DS:13|CON: NO] a-->b 3a|00|02|b2|07|0a
[0000647267] [DS:13|CON: NO] a-->b 3a|00|02|b2|03|0a
[0000647271] [DS:13|CON: NO] a-->b 3a|00|02|b2|04|0a
[0000647274] [DS:13|CON: NO] a-->b 3a|00|02|b2|0a|0a
[0000647625] [DS:13|CON: NO] a<--b 3a|00|03|b4|00|00|0a
[0000647639] [DS:13|CON: NO] a-->b 3a|00|06|b3|05|33|00|64|32|0a
[0000649586] [DS:13|CON: NO] a<--b 3a|00|16|b2|05|00|12|00|00|06|00|0a|e2|99|92|99|92|f9|c0|07|00|00|ff|00|00|0a
7seg setting: seq(00)
[0000649602] [DS:13|CON: NO] a-->b 3a|00|0a|b2|06|00|06|00|00|06|00|01|00|0a
[0000650256] [DS:13|CON: NO] a<--b 3a|00|09|b2|05|00|05|01|00|01|00|00|0a
auth init: seq(01)
[0000650283] [DS:13|CON: NO] a-->b 3a|00|1a|b2|06|00|16|01|00|01|00|11|00|1d|b8|48|7d|74|57|96|45|74|57|96|45|15|bb|34|a4|0a
[0000650364] [DS:13|CON: NO] a<--b 3a|00|4f|b2|05|00|4b|02|00|02|00|46|00|00|00|00|00|00|36|51|67|35|64|46|44|76|61|4c|63|35|56|42|63|64|56|67|5a|41|70|57|59|53|79|51|47|6c|39|4d|68|79|11|b8|24|49|a3|15|d3|77|69|88|d6|bc|9f|21|0a|e5|c4|69|9b|89|49|58|90|28|0a|cf|4c|cd|19|49|05|e7|0a
[0000650403] [DS:13|CON: NO] a-->b 3a|00|18|b2|01|00|14|00|00|42|00|0f|90|78|56|34|12|89|67|45|23|01|23|00|00|00|00|0a
[0000650412] [DS:13|CON: NO] a-->b 3a|00|0b|b2|00|00|07|00|00|41|00|02|1f|07|0a
[0000650441] [DS:13|CON: NO] a-->b 3a|00|27|b2|0a|00|23|00|0f|00|00|1e|4b|6f|68|61|2e|2c|43|6f|20|20|53|41|56|4c|30|31|39|31|20|20|ff|00|00|a2|00|01|01|06|00|80|0a
[0000650452] [DS:13|CON: NO] a-->b 3a|00|0a|b2|06|00|06|02|00|02|00|01|00|0a
[0000650500] [DS:13|CON: NO] a<--b 3a|00|09|b2|08|00|05|03|00|08|00|00|0a
[0000650542] [DS:13|CON: NO] a-->b 3a|00|23|b2|07|00|1f|00|00|83|00|1a|80|21|89|1f|00|21|89|1f|00|41|04|46|00|00|00|00|00|21|89|1f|00|00|00|00|00|21|0a
[0000650572] [DS:13|CON: NO] a-->b 3a|00|0a|b2|09|00|06|00|00|08|00|01|00|0a
[0000650588] [DS:13|CON: NO] a-->b 3a|00|15|b2|0a|00|11|00|24|f7|33|b1|d1|52|8f|92|2c|77|ce|41|dc|c7|7b|0a|0a
[0000650611] [DS:13|CON: NO] a<--b 3a|00|03|b4|01|13|0a
[0000650647] [DS:13|CON: NO] a-->b 3a|00|23|b2|07|00|1f|00|00|83|00|1a|80|00|00|00|00|00|00|00|00|00|00|00|00|00|00|00|00|00|00|00|00|00|00|00|00|00|0a
[0000650655] [DS:13|CON: NO] a-->b 3a|00|06|b3|03|30|00|64|32|0a
[0000650659] [DS:13|CON: NO] a-->b 3a|00|02|b2|00|0a
[0000650662] [DS:13|CON: NO] a-->b 3a|00|02|b2|01|0a
[0000650664] [DS:13|CON: NO] a-->b 3a|00|02|b2|06|0a
[0000650669] [DS:13|CON: NO] a-->b 3a|00|02|b2|07|0a
[0000650673] [DS:13|CON: NO] a-->b 3a|00|02|b2|03|0a
[0000650676] [DS:13|CON: NO] a-->b 3a|00|02|b2|04|0a
[0000650678] [DS:13|CON: NO] a-->b 3a|00|02|b2|0a|0a
[0000650717] [DS:13|CON: NO] a<--b 3a|00|03|b4|04|00|0a
[0000651080] [DS:13|CON: NO] a<--b 3a|00|03|b4|00|00|0a
[0000651095] [DS:13|CON: NO] a-->b 3a|00|06|b3|05|33|00|64|32|0a
[0000653029] [DS:13|CON: NO] a<--b 3a|00|16|b2|05|00|12|00|00|06|00|0a|e2|99|92|99|92|f9|c0|07|00|00|ff|00|00|0a
7seg setting: seq(00)
[0000653046] [DS:13|CON: NO] a-->b 3a|00|0a|b2|06|00|06|00|00|06|00|01|00|0a
[0000653706] [DS:13|CON: NO] a<--b 3a|00|09|b2|05|00|05|01|00|01|00|00|0a
auth init: seq(01)
[0000653732] [DS:13|CON: NO] a-->b 3a|00|1a|b2|06|00|16|01|00|01|00|11|00|15|bb|34|a4|c6|b2|ba|18|c6|b2|ba|18|c6|b2|ba|18|0a
[0000653796] [DS:13|CON: NO] a<--b 3a|00|4f|b2|05|00|4b|02|00|02|00|46|00|00|00|00|00|00|36|51|67|35|64|46|44|76|61|4c|63|35|56|42|63|64|56|67|5a|41|70|57|59|53|79|51|47|6c|39|4d|68|79|f7|c9|5f|6b|a0|1d|c9|81|de|32|c3|ff|76|e8|54|c8|e9|56|7d|08|d0|f5|a6|2e|45|58|79|99|b7|ee|8f|0a|0a
[0000653833] [DS:13|CON: NO] a-->b 3a|00|18|b2|01|00|14|00|00|42|00|0f|90|78|56|34|12|89|67|45|23|01|23|00|00|00|00|0a
[0000653843] [DS:13|CON: NO] a-->b 3a|00|0b|b2|00|00|07|00|00|41|00|02|1f|07|0a
[0000653871] [DS:13|CON: NO] a-->b 3a|00|27|b2|0a|00|23|00|0f|00|00|1e|4b|6f|68|61|2e|2c|43|6f|20|20|53|41|56|4c|30|31|39|31|20|20|ff|00|00|a2|00|01|01|06|00|80|0a
[0000653879] [DS:13|CON: NO] a-->b 3a|00|0a|b2|06|00|06|02|00|02|00|01|00|0a
[0000653931] [DS:13|CON: NO] a<--b 3a|00|09|b2|08|00|05|03|00|08|00|00|0a
[0000653973] [DS:13|CON: NO] a-->b 3a|00|23|b2|07|00|1f|00|00|83|00|1a|80|83|96|1f|00|83|96|1f|00|41|04|46|00|00|00|00|00|83|96|1f|00|00|00|00|00|83|0a
[0000654003] [DS:13|CON: NO] a-->b 3a|00|0a|b2|09|00|06|00|00|08|00|01|00|0a
[0000654019] [DS:13|CON: NO] a-->b 3a|00|15|b2|0a|00|11|00|24|f7|33|b1|d1|52|8f|92|2c|77|ce|41|dc|c7|7b|0a|0a
[0000654023] [DS:13|CON: NO] a<--b 3a|00|03|b4|01|13|0a
[0000654065] [DS:13|CON: NO] a-->b 3a|00|23|b2|07|00|1f|00|00|83|00|1a|80|00|00|00|00|00|00|00|00|00|00|00|00|00|00|00|00|00|00|00|00|00|00|00|00|00|0a
[0000654073] [DS:13|CON: NO] a-->b 3a|00|06|b3|03|30|00|64|32|0a
[0000654077] [DS:13|CON: NO] a-->b 3a|00|02|b2|00|0a
[0000654080] [DS:13|CON: NO] a-->b 3a|00|02|b2|01|0a
[0000654083] [DS:13|CON: NO] a-->b 3a|00|02|b2|06|0a
[0000654087] [DS:13|CON: NO] a-->b 3a|00|02|b2|07|0a
[0000654091] [DS:13|CON: NO] a-->b 3a|00|02|b2|03|0a
[0000654094] [DS:13|CON: NO] a-->b 3a|00|02|b2|04|0a
[0000654098] [DS:13|CON: NO] a-->b 3a|00|02|b2|0a|0a
[0000654598] [DS:13|CON: NO] a<--b 3a|00|03|b4|00|00|0a
[0000654611] [DS:13|CON: NO] a-->b 3a|00|06|b3|05|33|00|64|32|0a
[0000655718] [DS:13|CON: NO] a<--b 3a|00|03|b4|04|00|0a
[0000656547] [DS:13|CON: NO] a<--b 3a|00|16|b2|05|00|12|00|00|06|00|0a|e2|99|92|99|92|f9|c0|07|00|00|ff|00|00|0a
7seg setting: seq(00)
[0000656565] [DS:13|CON: NO] a-->b 3a|00|0a|b2|06|00|06|00|00|06|00|01|00|0a
[0000657223] [DS:13|CON: NO] a<--b 3a|00|09|b2|05|00|05|01|00|01|00|00|0a
auth init: seq(01)
[0000657248] [DS:13|CON: NO] a-->b 3a|00|1a|b2|06|00|16|01|00|01|00|11|00|b9|1b|8f|c7|b9|1b|8f|c7|b9|1b|8f|c7|11|34|41|14|0a
[0000657313] [DS:13|CON: NO] a<--b 3a|00|4f|b2|05|00|4b|02|00|02|00|46|00|00|00|00|00|00|36|51|67|35|64|46|44|76|61|4c|63|35|56|42|63|64|56|67|5a|41|70|57|59|53|79|51|47|6c|39|4d|68|79|50|a9|08|2a|f4|40|f0|b5|07|ea|28|bf|9b|02|e6|0e|14|cd|c4|65|9a|d5|25|a2|f8|31|f7|13|1c|47|94|1a|0a
[0000657351] [DS:13|CON: NO] a-->b 3a|00|18|b2|01|00|14|00|00|42|00|0f|90|78|56|34|12|89|67|45|23|01|23|00|00|00|00|0a
[0000657361] [DS:13|CON: NO] a-->b 3a|00|0b|b2|00|00|07|00|00|41|00|02|1f|07|0a
[0000657389] [DS:13|CON: NO] a-->b 3a|00|27|b2|0a|00|23|00|0f|00|00|1e|4b|6f|68|61|2e|2c|43|6f|20|20|53|41|56|4c|30|31|39|31|20|20|ff|00|00|a2|00|01|01|06|00|80|0a
[0000657397] [DS:13|CON: NO] a-->b 3a|00|0a|b2|06|00|06|02|00|02|00|01|00|0a
[0000657448] [DS:13|CON: NO] a<--b 3a|00|09|b2|08|00|05|03|00|08|00|00|0a
[0000657492] [DS:13|CON: NO] a-->b 3a|00|23|b2|07|00|1f|00|00|83|00|1a|80|3c|00|00|00|00|00|00|00|00|00|00|00|00|00|00|00|00|00|00|00|00|00|00|00|00|0a
[0000657517] [DS:13|CON: NO] a-->b 3a|00|0a|b2|09|00|06|00|00|08|00|01|00|0a
[0000657534] [DS:13|CON: NO] a-->b 3a|00|15|b2|0a|00|11|00|24|f7|33|b1|d1|52|8f|92|2c|77|ce|41|dc|c7|7b|0a|0a
[0000657560] [DS:13|CON: NO] a<--b 3a|00|03|b4|01|13|0a
[0000657594] [DS:13|CON: NO] a-->b 3a|00|23|b2|07|00|1f|00|00|83|00|1a|80|00|00|00|00|00|00|00|00|00|00|00|00|00|00|00|00|00|00|00|00|00|00|00|00|00|0a
[0000657602] [DS:13|CON: NO] a-->b 3a|00|06|b3|03|30|00|64|32|0a
[0000657606] [DS:13|CON: NO] a-->b 3a|00|02|b2|00|0a
[0000657609] [DS:13|CON: NO] a-->b 3a|00|02|b2|01|0a
[0000657611] [DS:13|CON: NO] a-->b 3a|00|02|b2|06|0a
[0000657616] [DS:13|CON: NO] a-->b 3a|00|02|b2|07|0a
[0000657620] [DS:13|CON: NO] a-->b 3a|00|02|b2|03|0a
[0000657623] [DS:13|CON: NO] a-->b 3a|00|02|b2|04|0a
[0000657627] [DS:13|CON: NO] a-->b 3a|00|02|b2|0a|0a
[0000657838] [DS:13|CON: NO] a<--b 3a|00|03|b4|00|00|0a
[0000657854] [DS:13|CON: NO] a-->b 3a|00|06|b3|05|33|00|64|32|0a
[0000659816] [DS:13|CON: NO] a<--b 3a|00|16|b2|05|00|12|00|00|06|00|0a|e2|99|92|99|92|f9|c0|07|00|00|ff|00|00|0a
7seg setting: seq(00)
[0000659834] [DS:13|CON: NO] a-->b 3a|00|0a|b2|06|00|06|00|00|06|00|01|00|0a
[0000660435] [DS:13|CON: NO] a<--b 3a|00|09|b2|05|00|05|01|00|01|00|00|0a
auth init: seq(01)
[0000660461] [DS:13|CON: NO] a-->b 3a|00|1a|b2|06|00|16|01|00|01|00|11|00|a5|27|17|f4|a5|27|17|f4|a5|27|17|f4|a5|27|17|f4|0a
[0000660524] [DS:13|CON: NO] a<--b 3a|00|4f|b2|05|00|4b|02|00|02|00|46|00|00|00|00|00|00|36|51|67|35|64|46|44|76|61|4c|63|35|56|42|63|64|56|67|5a|41|70|57|59|53|79|51|47|6c|39|4d|68|79|14|14|6b|5a|0b|4f|a3|3b|76|56|79|81|7d|fc|b6|cb|c5|6b|d8|04|2c|e2|22|c4|63|02|7a|66|91|3f|fd|a3|0a
[0000660561] [DS:13|CON: NO] a-->b 3a|00|18|b2|01|00|14|00|00|42|00|0f|90|78|56|34|12|89|67|45|23|01|23|00|00|00|00|0a
[0000660571] [DS:13|CON: NO] a-->b 3a|00|0b|b2|00|00|07|00|00|41|00|02|1f|07|0a
[0000660598] [DS:13|CON: NO] a-->b 3a|00|27|b2|0a|00|23|00|0f|00|00|1e|4b|6f|68|61|2e|2c|43|6f|20|20|53|41|56|4c|30|31|39|31|20|20|ff|00|00|a2|00|01|01|06|00|80|0a
[0000660607] [DS:13|CON: NO] a-->b 3a|00|0a|b2|06|00|06|02|00|02|00|01|00|0a
[0000660659] [DS:13|CON: NO] a<--b 3a|00|09|b2|08|00|05|03|00|08|00|00|0a
[0000660706] [DS:13|CON: NO] a-->b 3a|00|23|b2|07|00|1f|00|00|83|00|1a|80|c0|00|00|00|00|00|00|00|00|00|00|00|00|00|00|00|00|00|00|00|00|00|00|00|00|0a
[0000660717] [DS:13|CON: NO] a<--b 3a|00|03|b4|04|00|0a
[0000660731] [DS:13|CON: NO] a-->b 3a|00|0a|b2|09|00|06|00|00|08|00|01|00|0a
[0000660747] [DS:13|CON: NO] a-->b 3a|00|15|b2|0a|00|11|00|24|f7|33|b1|d1|52|8f|92|2c|77|ce|41|dc|c7|7b|0a|0a
[0000660772] [DS:13|CON: NO] a<--b 3a|00|03|b4|01|13|0a
[0000660806] [DS:13|CON: NO] a-->b 3a|00|23|b2|07|00|1f|00|00|83|00|1a|80|00|00|00|00|00|00|00|00|00|00|00|00|00|00|00|00|00|00|00|00|00|00|00|00|00|0a
[0000660814] [DS:13|CON: NO] a-->b 3a|00|06|b3|03|30|00|64|32|0a
[0000660818] [DS:13|CON: NO] a-->b 3a|00|02|b2|00|0a
[0000660820] [DS:13|CON: NO] a-->b 3a|00|02|b2|01|0a
[0000660823] [DS:13|CON: NO] a-->b 3a|00|02|b2|06|0a
[0000660828] [DS:13|CON: NO] a-->b 3a|00|02|b2|07|0a
[0000660832] [DS:13|CON: NO] a-->b 3a|00|02|b2|03|0a
[0000660834] [DS:13|CON: NO] a-->b 3a|00|02|b2|04|0a
[0000660839] [DS:13|CON: NO] a-->b 3a|00|02|b2|0a|0a
[0000661047] [DS:13|CON: NO] a<--b 3a|00|03|b4|00|00|0a
[0000661060] [DS:13|CON: NO] a-->b 3a|00|06|b3|05|33|00|64|32|0a
[0000663015] [DS:13|CON: NO] a<--b 3a|00|16|b2|05|00|12|00|00|06|00|0a|e2|99|92|99|92|f9|c0|07|00|00|ff|00|00|0a
7seg setting: seq(00)
[0000663031] [DS:13|CON: NO] a-->b 3a|00|0a|b2|06|00|06|00|00|06|00|01|00|0a
[0000663624] [DS:13|CON: NO] a<--b 3a|00|09|b2|05|00|05|01|00|01|00|00|0a
auth init: seq(01)
[0000663649] [DS:13|CON: NO] a-->b 3a|00|1a|b2|06|00|16|01|00|01|00|11|00|2c|5c|5b|91|2c|5c|5b|91|2c|5c|5b|91|46|dc|af|3e|0a
[0000663732] [DS:13|CON: NO] a<--b 3a|00|4f|b2|05|00|4b|02|00|02|00|46|00|00|00|00|00|00|36|51|67|35|64|46|44|76|61|4c|63|35|56|42|63|64|56|67|5a|41|70|57|59|53|79|51|47|6c|39|4d|68|79|0a|91|92|b5|41|d4|da|91|21|f1|2a|0f|bd|2d|16|cd|aa|c9|fd|d5|2e|70|f3|2f|64|1d|11|86|e9|27|60|e5|0a
[0000663769] [DS:13|CON: NO] a-->b 3a|00|18|b2|01|00|14|00|00|42|00|0f|90|78|56|34|12|89|67|45|23|01|23|00|00|00|00|0a
[0000663779] [DS:13|CON: NO] a-->b 3a|00|0b|b2|00|00|07|00|00|41|00|02|1f|07|0a
[0000663807] [DS:13|CON: NO] a-->b 3a|00|27|b2|0a|00|23|00|0f|00|00|1e|4b|6f|68|61|2e|2c|43|6f|20|20|53|41|56|4c|30|31|39|31|20|20|ff|00|00|a2|00|01|01|06|00|80|0a
[0000663816] [DS:13|CON: NO] a-->b 3a|00|0a|b2|06|00|06|02|00|02|00|01|00|0a
[0000663954] [DS:13|CON: NO] a-->b 3a|00|15|b2|0a|00|11|00|24|f7|33|b1|d1|52|8f|92|2c|77|ce|41|dc|c7|7b|0a|0a
[0000663998] [DS:13|CON: NO] a<--b 3a|00|03|b4|01|13|0a
[0000664030] [DS:13|CON: NO] a-->b 3a|00|23|b2|07|00|1f|00|00|83|00|1a|80|00|00|00|00|00|00|00|00|00|00|00|00|00|00|00|00|00|00|00|00|00|00|00|00|00|0a
[0000664039] [DS:13|CON: NO] a-->b 3a|00|06|b3|03|30|00|64|32|0a
[0000664043] [DS:13|CON: NO] a-->b 3a|00|02|b2|00|0a
[0000664045] [DS:13|CON: NO] a-->b 3a|00|02|b2|01|0a
[0000664048] [DS:13|CON: NO] a-->b 3a|00|02|b2|06|0a
[0000664053] [DS:13|CON: NO] a-->b 3a|00|02|b2|07|0a
[0000664057] [DS:13|CON: NO] a-->b 3a|00|02|b2|03|0a
[0000664059] [DS:13|CON: NO] a-->b 3a|00|02|b2|04|0a
[0000664064] [DS:13|CON: NO] a-->b 3a|00|02|b2|0a|0a
[0000664474] [DS:13|CON: NO] a<--b 3a|00|03|b4|00|00|0a
[0000664489] [DS:13|CON: NO] a-->b 3a|00|06|b3|05|33|00|64|32|0a
[0000665718] [DS:13|CON: NO] a<--b 3a|00|03|b4|04|00|0a
[0000666461] [DS:13|CON: NO] a<--b 3a|00|16|b2|05|00|12|00|00|06|00|0a|e2|99|92|99|92|f9|c0|07|00|00|ff|00|00|0a
7seg setting: seq(00)
[0000666478] [DS:13|CON: NO] a-->b 3a|00|0a|b2|06|00|06|00|00|06|00|01|00|0a
[0000667111] [DS:13|CON: NO] a<--b 3a|00|09|b2|05|00|05|01|00|01|00|00|0a
auth init: seq(01)
[0000667138] [DS:13|CON: NO] a-->b 3a|00|1a|b2|06|00|16|01|00|01|00|11|00|46|dc|af|3e|4f|68|42|2a|8b|40|1f|c1|8b|40|1f|c1|0a
[0000667201] [DS:13|CON: NO] a<--b 3a|00|4f|b2|05|00|4b|02|00|02|00|46|00|00|00|00|00|00|36|51|67|35|64|46|44|76|61|4c|63|35|56|42|63|64|56|67|5a|41|70|57|59|53|79|51|47|6c|39|4d|68|79|5b|50|37|09|b1|fd|fd|84|30|cf|c2|e3|94|5e|25|fe|25|b0|a3|1a|76|b4|9b|d7|e7|56|c3|d1|25|2c|37|7a|0a
[0000667241] [DS:13|CON: NO] a-->b 3a|00|18|b2|01|00|14|00|00|42|00|0f|90|78|56|34|12|89|67|45|23|01|23|00|00|00|00|0a
[0000667250] [DS:13|CON: NO] a-->b 3a|00|0b|b2|00|00|07|00|00|41|00|02|1f|07|0a
[0000667279] [DS:13|CON: NO] a-->b 3a|00|27|b2|0a|00|23|00|0f|00|00|1e|4b|6f|68|61|2e|2c|43|6f|20|20|53|41|56|4c|30|31|39|31|20|20|ff|00|00|a2|00|01|01|06|00|80|0a
[0000667288] [DS:13|CON: NO] a-->b 3a|00|0a|b2|06|00|06|02|00|02|00|01|00|0a
[0000667356] [DS:13|CON: NO] a<--b 3a|00|09|b2|08|00|05|03|00|08|00|00|0a
[0000667382] [DS:13|CON: NO] a-->b 3a|00|23|b2|07|00|1f|00|00|83|00|1a|80|ce|00|00|00|00|00|00|00|00|00|00|00|00|00|00|00|00|00|00|00|00|00|00|00|00|0a
[0000667412] [DS:13|CON: NO] a-->b 3a|00|0a|b2|09|00|06|00|00|08|00|01|00|0a
[0000667428] [DS:13|CON: NO] a-->b 3a|00|15|b2|0a|00|11|00|24|f7|33|b1|d1|52|8f|92|2c|77|ce|41|dc|c7|7b|0a|0a
[0000667431] [DS:13|CON: NO] a<--b 3a|00|03|b4|01|13|0a
[0000667472] [DS:13|CON: NO] a-->b 3a|00|23|b2|07|00|1f|00|00|83|00|1a|80|00|00|00|00|00|00|00|00|00|00|00|00|00|00|00|00|00|00|00|00|00|00|00|00|00|0a
[0000667480] [DS:13|CON: NO] a-->b 3a|00|06|b3|03|30|00|64|32|0a
[0000667484] [DS:13|CON: NO] a-->b 3a|00|02|b2|00|0a
[0000667487] [DS:13|CON: NO] a-->b 3a|00|02|b2|01|0a
[0000667490] [DS:13|CON: NO] a-->b 3a|00|02|b2|06|0a
[0000667494] [DS:13|CON: NO] a-->b 3a|00|02|b2|07|0a
[0000667498] [DS:13|CON: NO] a-->b 3a|00|02|b2|03|0a
[0000667501] [DS:13|CON: NO] a-->b 3a|00|02|b2|04|0a
[0000667505] [DS:13|CON: NO] a-->b 3a|00|02|b2|0a|0a
[0000667827] [DS:13|CON: NO] a<--b 3a|00|03|b4|00|00|0a
[0000667840] [DS:13|CON: NO] a-->b 3a|00|06|b3|05|33|00|64|32|0a
[0000669825] [DS:13|CON: NO] a<--b 3a|00|16|b2|05|00|12|00|00|06|00|0a|e2|99|92|99|92|f9|c0|07|00|00|ff|00|00|0a
7seg setting: seq(00)
[0000669842] [DS:13|CON: NO] a-->b 3a|00|0a|b2|06|00|06|00|00|06|00|01|00|0a
[0000670435] [DS:13|CON: NO] a<--b 3a|00|09|b2|05|00|05|01|00|01|00|00|0a
auth init: seq(01)
[0000670461] [DS:13|CON: NO] a-->b 3a|00|1a|b2|06|00|16|01|00|01|00|11|00|8b|40|1f|c1|dd|73|4d|09|dd|73|4d|09|84|03|e8|26|0a
[0000670524] [DS:13|CON: NO] a<--b 3a|00|4f|b2|05|00|4b|02|00|02|00|46|00|00|00|00|00|00|36|51|67|35|64|46|44|76|61|4c|63|35|56|42|63|64|56|67|5a|41|70|57|59|53|79|51|47|6c|39|4d|68|79|1d|33|85|fb|81|1c|f8|f7|a8|1c|32|62|59|be|72|e4|de|a1|fc|db|db|f7|41|5a|86|73|3c|07|fe|75|43|7b|0a
[0000670561] [DS:13|CON: NO] a-->b 3a|00|18|b2|01|00|14|00|00|42|00|0f|90|78|56|34|12|89|67|45|23|01|23|00|00|00|00|0a
[0000670571] [DS:13|CON: NO] a-->b 3a|00|0b|b2|00|00|07|00|00|41|00|02|1f|07|0a
[0000670599] [DS:13|CON: NO] a-->b 3a|00|27|b2|0a|00|23|00|0f|00|00|1e|4b|6f|68|61|2e|2c|43|6f|20|20|53|41|56|4c|30|31|39|31|20|20|ff|00|00|a2|00|01|01|06|00|80|0a
[0000670608] [DS:13|CON: NO] a-->b 3a|00|0a|b2|06|00|06|02|00|02|00|01|00|0a
[0000670660] [DS:13|CON: NO] a<--b 3a|00|09|b2|08|00|05|03|00|08|00|00|0a
[0000670701] [DS:13|CON: NO] a-->b 3a|00|23|b2|07|00|1f|00|00|83|00|1a|80|c1|d7|1f|00|c1|d7|1f|00|41|04|46|00|00|00|00|00|c1|d7|1f|00|00|00|00|00|c1|0a
[0000670718] [DS:13|CON: NO] a<--b 3a|00|03|b4|04|00|0a
[0000670732] [DS:13|CON: NO] a-->b 3a|00|0a|b2|09|00|06|00|00|08|00|01|00|0a
[0000670748] [DS:13|CON: NO] a-->b 3a|00|15|b2|0a|00|11|00|24|f7|33|b1|d1|52|8f|92|2c|77|ce|41|dc|c7|7b|0a|0a
[0000670753] [DS:13|CON: NO] a<--b 3a|00|03|b4|01|13|0a
[0000670805] [DS:13|CON: NO] a-->b 3a|00|23|b2|07|00|1f|00|00|83|00|1a|80|00|00|00|00|00|00|00|00|00|00|00|00|00|00|00|00|00|00|00|00|00|00|00|00|00|0a
[0000670813] [DS:13|CON: NO] a-->b 3a|00|06|b3|03|30|00|64|32|0a
[0000670817] [DS:13|CON: NO] a-->b 3a|00|02|b2|00|0a
[0000670820] [DS:13|CON: NO] a-->b 3a|00|02|b2|01|0a
[0000670823] [DS:13|CON: NO] a-->b 3a|00|02|b2|06|0a
[0000670827] [DS:13|CON: NO] a-->b 3a|00|02|b2|07|0a
[0000670831] [DS:13|CON: NO] a-->b 3a|00|02|b2|03|0a
[0000670834] [DS:13|CON: NO] a-->b 3a|00|02|b2|04|0a
[0000670838] [DS:13|CON: NO] a-->b 3a|00|02|b2|0a|0a
[0000671230] [DS:13|CON: NO] a<--b 3a|00|03|b4|00|00|0a
[0000671244] [DS:13|CON: NO] a-->b 3a|00|06|b3|05|33|00|64|32|0a
[0000673261] [DS:13|CON: NO] a<--b 3a|00|16|b2|05|00|12|00|00|06|00|0a|e2|99|92|99|92|f9|c0|07|00|00|ff|00|00|0a
7seg setting: seq(00)
[0000673278] [DS:13|CON: NO] a-->b 3a|00|0a|b2|06|00|06|00|00|06|00|01|00|0a
[0000674070] [DS:13|CON: NO] a<--b 3a|00|09|b2|05|00|05|01|00|01|00|00|0a
auth init: seq(01)
[0000674096] [DS:13|CON: NO] a-->b 3a|00|1a|b2|06|00|16|01|00|01|00|11|00|ca|b6|82|3d|ca|b6|82|3d|0b|30|9d|32|0b|30|9d|32|0a
[0000674159] [DS:13|CON: NO] a<--b 3a|00|4f|b2|05|00|4b|02|00|02|00|46|00|00|00|00|00|00|36|51|67|35|64|46|44|76|61|4c|63|35|56|42|63|64|56|67|5a|41|70|57|59|53|79|51|47|6c|39|4d|68|79|bf|00|ca|71|70|26|95|af|8d|8f|e7|47|75|62|a1|0a|5f|07|86|ee|2a|d1|11|56|3f|48|13|9f|5f|e2|c4|65|0a
[0000674197] [DS:13|CON: NO] a-->b 3a|00|18|b2|01|00|14|00|00|42|00|0f|90|78|56|34|12|89|67|45|23|01|23|00|00|00|00|0a
[0000674207] [DS:13|CON: NO] a-->b 3a|00|0b|b2|00|00|07|00|00|41|00|02|1f|07|0a
[0000674235] [DS:13|CON: NO] a-->b 3a|00|27|b2|0a|00|23|00|0f|00|00|1e|4b|6f|68|61|2e|2c|43|6f|20|20|53|41|56|4c|30|31|39|31|20|20|ff|00|00|a2|00|01|01|06|00|80|0a
[0000674243] [DS:13|CON: NO] a-->b 3a|00|0a|b2|06|00|06|02|00|02|00|01|00|0a
[0000674294] [DS:13|CON: NO] a<--b 3a|00|09|b2|08|00|05|03|00|08|00|00|0a
[0000674341] [DS:13|CON: NO] a-->b 3a|00|23|b2|07|00|1f|00|00|83|00|1a|80|ef|e5|1f|00|ef|e5|1f|00|41|04|46|00|00|00|00|00|ef|e5|1f|00|00|00|00|00|ef|0a
[0000674366] [DS:13|CON: NO] a-->b 3a|00|0a|b2|09|00|06|00|00|08|00|01|00|0a
[0000674383] [DS:13|CON: NO] a-->b 3a|00|15|b2|0a|00|11|00|24|f7|33|b1|d1|52|8f|92|2c|77|ce|41|dc|c7|7b|0a|0a
[0000674389] [DS:13|CON: NO] a<--b 3a|00|03|b4|01|13|0a
[0000674428] [DS:13|CON: NO] a-->b 3a|00|23|b2|07|00|1f|00|00|83|00|1a|80|00|00|00|00|00|00|00|00|00|00|00|00|00|00|00|00|00|00|00|00|00|00|00|00|00|0a
[0000674437] [DS:13|CON: NO] a-->b 3a|00|06|b3|03|30|00|64|32|0a
[0000674440] [DS:13|CON: NO] a-->b 3a|00|02|b2|00|0a
[0000674443] [DS:13|CON: NO] a-->b 3a|00|02|b2|01|0a
[0000674446] [DS:13|CON: NO] a-->b 3a|00|02|b2|06|0a
[0000674450] [DS:13|CON: NO] a-->b 3a|00|02|b2|07|0a
[0000674454] [DS:13|CON: NO] a-->b 3a|00|02|b2|03|0a
[0000674456] [DS:13|CON: NO] a-->b 3a|00|02|b2|04|0a
[0000674460] [DS:13|CON: NO] a-->b 3a|00|02|b2|0a|0a
[0000674731] [DS:13|CON: NO] a<--b 3a|00|03|b4|00|00|0a
[0000674746] [DS:13|CON: NO] a-->b 3a|00|06|b3|05|33|00|64|32|0a
[0000675718] [DS:13|CON: NO] a<--b 3a|00|03|b4|04|00|0a
[0000676707] [DS:13|CON: NO] a<--b 3a|00|16|b2|05|00|12|00|00|06|00|0a|e2|99|92|99|92|f9|c0|07|00|00|ff|00|00|0a
7seg setting: seq(00)
[0000676726] [DS:13|CON: NO] a-->b 3a|00|0a|b2|06|00|06|00|00|06|00|01|00|0a
[0000677307] [DS:13|CON: NO] a<--b 3a|00|09|b2|05|00|05|01|00|01|00|00|0a
auth init: seq(01)
[0000677332] [DS:13|CON: NO] a-->b 3a|00|1a|b2|06|00|16|01|00|01|00|11|00|0b|30|9d|32|a5|bd|95|12|a5|bd|95|12|62|c3|43|7d|0a
[0000677414] [DS:13|CON: NO] a<--b 3a|00|4f|b2|05|00|4b|02|00|02|00|46|00|00|00|00|00|00|36|51|67|35|64|46|44|76|61|4c|63|35|56|42|63|64|56|67|5a|41|70|57|59|53|79|51|47|6c|39|4d|68|79|5a|03|ab|fc|99|0f|1e|89|0c|29|b7|a7|1f|52|f2|5c|de|dd|5f|51|04|3f|56|b4|7c|11|47|72|7f|dd|19|97|0a
[0000677452] [DS:13|CON: NO] a-->b 3a|00|18|b2|01|00|14|00|00|42|00|0f|90|78|56|34|12|89|67|45|23|01|23|00|00|00|00|0a
[0000677465] [DS:13|CON: NO] a-->b 3a|00|0b|b2|00|00|07|00|00|41|00|02|1f|07|0a
[0000677490] [DS:13|CON: NO] a-->b 3a|00|27|b2|0a|00|23|00|0f|00|00|1e|4b|6f|68|61|2e|2c|43|6f|20|20|53|41|56|4c|30|31|39|31|20|20|ff|00|00|a2|00|01|01|06|00|80|0a
[0000677499] [DS:13|CON: NO] a-->b 3a|00|0a|b2|06|00|06|02|00|02|00|01|00|0a
[0000677618] [DS:13|CON: NO] a-->b 3a|00|0a|b2|09|00|06|00|00|08|00|01|00|0a
[0000677634] [DS:13|CON: NO] a-->b 3a|00|15|b2|0a|00|11|00|24|f7|33|b1|d1|52|8f|92|2c|77|ce|41|dc|c7|7b|0a|0a
[0000677643] [DS:13|CON: NO] a<--b 3a|00|03|b4|01|13|0a
[0000677678] [DS:13|CON: NO] a-->b 3a|00|23|b2|07|00|1f|00|00|83|00|1a|80|00|00|00|00|00|00|00|00|00|00|00|00|00|00|00|00|00|00|00|00|00|00|00|00|00|0a
[0000677686] [DS:13|CON: NO] a-->b 3a|00|06|b3|03|30|00|64|32|0a
[0000677690] [DS:13|CON: NO] a-->b 3a|00|02|b2|00|0a
[0000677693] [DS:13|CON: NO] a-->b 3a|00|02|b2|01|0a
[0000677696] [DS:13|CON: NO] a-->b 3a|00|02|b2|06|0a
[0000677700] [DS:13|CON: NO] a-->b 3a|00|02|b2|07|0a
[0000677704] [DS:13|CON: NO] a-->b 3a|00|02|b2|03|0a
[0000677707] [DS:13|CON: NO] a-->b 3a|00|02|b2|04|0a
[0000677711] [DS:13|CON: NO] a-->b 3a|00|02|b2|0a|0a
[0000678123] [DS:13|CON: NO] a<--b 3a|00|03|b4|00|00|0a
[0000678136] [DS:13|CON: NO] a-->b 3a|00|06|b3|05|33|00|64|32|0a
[0000680083] [DS:13|CON: NO] a<--b 3a|00|16|b2|05|00|12|00|00|06|00|0a|e2|99|92|99|92|f9|c0|07|00|00|ff|00|00|0a
7seg setting: seq(00)
[0000680101] [DS:13|CON: NO] a-->b 3a|00|0a|b2|06|00|06|00|00|06|00|01|00|0a
[0000680718] [DS:13|CON: NO] a<--b 3a|00|03|b4|04|00|0a
[0000680731] [DS:13|CON: NO] a<--b 3a|00|09|b2|05|00|05|01|00|01|00|00|0a
auth init: seq(01)
[0000680758] [DS:13|CON: NO] a-->b 3a|00|1a|b2|06|00|16|01|00|01|00|11|00|e7|26|f0|c6|22|c6|34|b3|a2|dd|55|27|a2|dd|55|27|0a
[0000680821] [DS:13|CON: NO] a<--b 3a|00|4f|b2|05|00|4b|02|00|02|00|46|00|00|00|00|00|00|36|51|67|35|64|46|44|76|61|4c|63|35|56|42|63|64|56|67|5a|41|70|57|59|53|79|51|47|6c|39|4d|68|79|34|51|97|52|d9|fd|6d|f1|21|e6|63|b6|28|1f|2f|a7|74|45|c8|92|a4|62|fa|c9|5c|fe|a1|37|62|1a|59|72|0a
[0000680858] [DS:13|CON: NO] a-->b 3a|00|18|b2|01|00|14|00|00|42|00|0f|90|78|56|34|12|89|67|45|23|01|23|00|00|00|00|0a
[0000680868] [DS:13|CON: NO] a-->b 3a|00|0b|b2|00|00|07|00|00|41|00|02|1f|07|0a
[0000680896] [DS:13|CON: NO] a-->b 3a|00|27|b2|0a|00|23|00|0f|00|00|1e|4b|6f|68|61|2e|2c|43|6f|20|20|53|41|56|4c|30|31|39|31|20|20|ff|00|00|a2|00|01|01|06|00|80|0a
[0000680905] [DS:13|CON: NO] a-->b 3a|00|0a|b2|06|00|06|02|00|02|00|01|00|0a
[0000680956] [DS:13|CON: NO] a<--b 3a|00|09|b2|08|00|05|03|00|08|00|00|0a
[0000681002] [DS:13|CON: NO] a-->b 3a|00|23|b2|07|00|1f|00|00|83|00|1a|80|ea|00|00|00|00|00|00|00|00|00|00|00|00|00|00|00|00|00|00|00|00|00|00|00|00|0a
[0000681028] [DS:13|CON: NO] a-->b 3a|00|0a|b2|09|00|06|00|00|08|00|01|00|0a
[0000681044] [DS:13|CON: NO] a-->b 3a|00|15|b2|0a|00|11|00|24|f7|33|b1|d1|52|8f|92|2c|77|ce|41|dc|c7|7b|0a|0a
[0000681049] [DS:13|CON: NO] a<--b 3a|00|03|b4|01|13|0a
[0000681090] [DS:13|CON: NO] a-->b 3a|00|23|b2|07|00|1f|00|00|83|00|1a|80|00|00|00|00|00|00|00|00|00|00|00|00|00|00|00|00|00|00|00|00|00|00|00|00|00|0a
[0000681098] [DS:13|CON: NO] a-->b 3a|00|06|b3|03|30|00|64|32|0a
[0000681102] [DS:13|CON: NO] a-->b 3a|00|02|b2|00|0a
[0000681105] [DS:13|CON: NO] a-->b 3a|00|02|b2|01|0a
[0000681108] [DS:13|CON: NO] a-->b 3a|00|02|b2|06|0a
[0000681112] [DS:13|CON: NO] a-->b 3a|00|02|b2|07|0a
[0000681116] [DS:13|CON: NO] a-->b 3a|00|02|b2|03|0a
[0000681119] [DS:13|CON: NO] a-->b 3a|00|02|b2|04|0a
[0000681123] [DS:13|CON: NO] a-->b 3a|00|02|b2|0a|0a
[0000681917] [DS:13|CON: NO] a-->b 3a|00|06|b3|03|30|00|64|32|0a
[0000685717] [DS:13|CON: NO] a<--b 3a|00|03|b4|04|00|0a
[0000690718] [DS:13|CON: NO] a<--b 3a|00|03|b4|04|00|0a
[0000695717] [DS:13|CON: NO] a<--b 3a|00|03|b4|04|00|0a
[0000700717] [DS:13|CON: NO] a<--b 3a|00|03|b4|04|00|0a
[0000705718] [DS:13|CON: NO] a<--b 3a|00|03|b4|04|00|0a
[0000710717] [DS:13|CON: NO] a<--b 3a|00|03|b4|04|00|0a
[0000715718] [DS:13|CON: NO] a<--b 3a|00|03|b4|04|00|0a
[0000720717] [DS:13|CON: NO] a<--b 3a|00|03|b4|04|00|0a
[0000725717] [DS:13|CON: NO] a<--b 3a|00|03|b4|04|00|0a
[0000730717] [DS:13|CON: NO] a<--b 3a|00|03|b4|04|00|0a
[0000735717] [DS:13|CON: NO] a<--b 3a|00|03|b4|04|00|0a
[0000740717] [DS:13|CON: NO] a<--b 3a|00|03|b4|04|00|0a
